mode: atomic
github.com/abitofhelp/family-service/test_auth_directive.go:29.13,48.17 5 0
github.com/abitofhelp/family-service/test_auth_directive.go:48.17,50.3 1 0
github.com/abitofhelp/family-service/test_auth_directive.go:50.8,60.3 2 0
github.com/abitofhelp/family-service/test_auth_directive.go:63.57,72.16 3 0
github.com/abitofhelp/family-service/test_auth_directive.go:72.16,75.3 2 0
github.com/abitofhelp/family-service/test_auth_directive.go:78.2,79.16 2 0
github.com/abitofhelp/family-service/test_auth_directive.go:79.16,82.3 2 0
github.com/abitofhelp/family-service/test_auth_directive.go:85.2,86.17 2 0
github.com/abitofhelp/family-service/test_auth_directive.go:86.17,88.3 1 0
github.com/abitofhelp/family-service/test_auth_directive.go:91.2,93.16 3 0
github.com/abitofhelp/family-service/test_auth_directive.go:93.16,96.3 2 0
github.com/abitofhelp/family-service/test_auth_directive.go:97.2,101.16 3 0
github.com/abitofhelp/family-service/test_auth_directive.go:101.16,104.3 2 0
github.com/abitofhelp/family-service/test_auth_directive.go:107.2,108.59 2 0
github.com/abitofhelp/family-service/test_auth_directive.go:108.59,111.3 2 0
github.com/abitofhelp/family-service/test_auth_directive.go:114.2,115.29 2 0
github.com/abitofhelp/family-service/test_auth_directive.go:115.29,117.38 2 0
github.com/abitofhelp/family-service/test_auth_directive.go:117.38,119.4 1 0
github.com/abitofhelp/family-service/test_auth_directive.go:120.8,120.32 1 0
github.com/abitofhelp/family-service/test_auth_directive.go:120.32,122.3 1 0
github.com/abitofhelp/family-service/cmd/server/graphql/main.go:29.36,31.16 2 0
github.com/abitofhelp/family-service/cmd/server/graphql/main.go:31.16,35.3 2 0
github.com/abitofhelp/family-service/cmd/server/graphql/main.go:36.2,36.15 1 0
github.com/abitofhelp/family-service/cmd/server/graphql/main.go:41.61,44.16 3 0
github.com/abitofhelp/family-service/cmd/server/graphql/main.go:44.16,47.3 2 0
github.com/abitofhelp/family-service/cmd/server/graphql/main.go:48.2,49.17 2 0
github.com/abitofhelp/family-service/cmd/server/graphql/main.go:54.83,60.16 3 0
github.com/abitofhelp/family-service/cmd/server/graphql/main.go:60.16,63.3 2 0
github.com/abitofhelp/family-service/cmd/server/graphql/main.go:65.2,66.20 2 0
github.com/abitofhelp/family-service/cmd/server/graphql/main.go:71.104,75.16 3 0
github.com/abitofhelp/family-service/cmd/server/graphql/main.go:75.16,78.3 2 0
github.com/abitofhelp/family-service/cmd/server/graphql/main.go:80.2,81.23 2 0
github.com/abitofhelp/family-service/cmd/server/graphql/main.go:86.96,109.2 11 0
github.com/abitofhelp/family-service/cmd/server/graphql/main.go:112.87,113.56 1 0
github.com/abitofhelp/family-service/cmd/server/graphql/main.go:113.56,119.3 3 0
github.com/abitofhelp/family-service/cmd/server/graphql/main.go:119.8,121.3 1 0
github.com/abitofhelp/family-service/cmd/server/graphql/main.go:125.73,142.67 5 0
github.com/abitofhelp/family-service/cmd/server/graphql/main.go:142.67,143.24 1 0
github.com/abitofhelp/family-service/cmd/server/graphql/main.go:143.24,146.4 2 0
github.com/abitofhelp/family-service/cmd/server/graphql/main.go:147.3,147.71 1 0
github.com/abitofhelp/family-service/cmd/server/graphql/main.go:151.2,157.75 3 0
github.com/abitofhelp/family-service/cmd/server/graphql/main.go:157.75,159.3 1 0
github.com/abitofhelp/family-service/cmd/server/graphql/main.go:164.133,178.2 5 0
github.com/abitofhelp/family-service/cmd/server/graphql/main.go:182.137,183.22 1 0
github.com/abitofhelp/family-service/cmd/server/graphql/main.go:183.22,193.3 4 0
github.com/abitofhelp/family-service/cmd/server/graphql/main.go:196.13,207.16 6 0
github.com/abitofhelp/family-service/cmd/server/graphql/main.go:207.16,209.3 1 0
github.com/abitofhelp/family-service/cmd/server/graphql/main.go:212.2,213.16 2 0
github.com/abitofhelp/family-service/cmd/server/graphql/main.go:213.16,215.3 1 0
github.com/abitofhelp/family-service/cmd/server/graphql/main.go:216.2,222.16 3 0
github.com/abitofhelp/family-service/cmd/server/graphql/main.go:222.16,224.3 1 0
github.com/abitofhelp/family-service/cmd/server/graphql/main.go:225.2,225.15 1 0
github.com/abitofhelp/family-service/cmd/server/graphql/main.go:225.15,226.43 1 0
github.com/abitofhelp/family-service/cmd/server/graphql/main.go:226.43,228.4 1 0
github.com/abitofhelp/family-service/cmd/server/graphql/main.go:232.2,248.103 6 0
github.com/abitofhelp/family-service/cmd/server/graphql/main.go:248.103,251.3 2 0
github.com/abitofhelp/family-service/cmd/server/graphql/main.go:253.2,253.46 1 0
github.com/abitofhelp/family-service/infrastructure/server/server.go:48.107,56.2 1 0
github.com/abitofhelp/family-service/infrastructure/server/server.go:69.110,85.2 2 0
github.com/abitofhelp/family-service/infrastructure/server/server.go:90.26,92.12 2 0
github.com/abitofhelp/family-service/infrastructure/server/server.go:92.12,93.75 1 0
github.com/abitofhelp/family-service/infrastructure/server/server.go:93.75,95.4 1 0
github.com/abitofhelp/family-service/infrastructure/server/server.go:108.54,116.55 4 0
github.com/abitofhelp/family-service/infrastructure/server/server.go:116.55,119.3 2 0
github.com/abitofhelp/family-service/infrastructure/server/server.go:121.2,122.12 2 0
github.com/abitofhelp/family-service/data/dev/sqlite/sqlite_init.go:25.13,35.16 5 0
github.com/abitofhelp/family-service/data/dev/sqlite/sqlite_init.go:35.16,37.3 1 0
github.com/abitofhelp/family-service/data/dev/sqlite/sqlite_init.go:38.2,46.44 5 0
github.com/abitofhelp/family-service/data/dev/sqlite/sqlite_init.go:46.44,48.3 1 0
github.com/abitofhelp/family-service/data/dev/sqlite/sqlite_init.go:50.2,54.16 3 0
github.com/abitofhelp/family-service/data/dev/sqlite/sqlite_init.go:54.16,56.3 1 0
github.com/abitofhelp/family-service/data/dev/sqlite/sqlite_init.go:57.2,66.56 4 0
github.com/abitofhelp/family-service/data/dev/sqlite/sqlite_init.go:66.56,68.3 1 0
github.com/abitofhelp/family-service/data/dev/sqlite/sqlite_init.go:70.2,70.62 1 0
github.com/abitofhelp/family-service/data/dev/sqlite/sqlite_init.go:73.91,76.16 2 0
github.com/abitofhelp/family-service/data/dev/sqlite/sqlite_init.go:76.16,78.3 1 0
github.com/abitofhelp/family-service/data/dev/sqlite/sqlite_init.go:79.2,79.48 1 0
github.com/abitofhelp/family-service/data/dev/sqlite/sqlite_init.go:79.48,81.3 1 0
github.com/abitofhelp/family-service/data/dev/sqlite/sqlite_init.go:82.2,86.16 3 0
github.com/abitofhelp/family-service/data/dev/sqlite/sqlite_init.go:86.16,88.3 1 0
github.com/abitofhelp/family-service/data/dev/sqlite/sqlite_init.go:89.2,89.48 1 0
github.com/abitofhelp/family-service/data/dev/sqlite/sqlite_init.go:89.48,91.3 1 0
github.com/abitofhelp/family-service/data/dev/sqlite/sqlite_init.go:92.2,96.16 3 0
github.com/abitofhelp/family-service/data/dev/sqlite/sqlite_init.go:96.16,98.3 1 0
github.com/abitofhelp/family-service/data/dev/sqlite/sqlite_init.go:99.2,99.48 1 0
github.com/abitofhelp/family-service/data/dev/sqlite/sqlite_init.go:99.48,101.3 1 0
github.com/abitofhelp/family-service/data/dev/sqlite/sqlite_init.go:102.2,106.16 3 0
github.com/abitofhelp/family-service/data/dev/sqlite/sqlite_init.go:106.16,108.3 1 0
github.com/abitofhelp/family-service/data/dev/sqlite/sqlite_init.go:109.2,109.48 1 0
github.com/abitofhelp/family-service/data/dev/sqlite/sqlite_init.go:109.48,111.3 1 0
github.com/abitofhelp/family-service/data/dev/sqlite/sqlite_init.go:112.2,114.12 2 0
github.com/abitofhelp/family-service/data/dev/sqlite/sqlite_init.go:117.46,126.16 2 0
github.com/abitofhelp/family-service/data/dev/sqlite/sqlite_init.go:126.16,128.3 1 0
github.com/abitofhelp/family-service/data/dev/sqlite/sqlite_init.go:130.2,137.16 2 0
github.com/abitofhelp/family-service/data/dev/sqlite/sqlite_init.go:137.16,139.3 1 0
github.com/abitofhelp/family-service/data/dev/sqlite/sqlite_init.go:142.2,149.16 2 0
github.com/abitofhelp/family-service/data/dev/sqlite/sqlite_init.go:149.16,151.3 1 0
github.com/abitofhelp/family-service/data/dev/sqlite/sqlite_init.go:153.2,160.16 2 0
github.com/abitofhelp/family-service/data/dev/sqlite/sqlite_init.go:160.16,162.3 1 0
github.com/abitofhelp/family-service/data/dev/sqlite/sqlite_init.go:165.2,170.3 1 0
github.com/abitofhelp/family-service/data/dev/sqlite/sqlite_init.go:173.46,182.16 2 0
github.com/abitofhelp/family-service/data/dev/sqlite/sqlite_init.go:182.16,184.3 1 0
github.com/abitofhelp/family-service/data/dev/sqlite/sqlite_init.go:186.2,193.16 2 0
github.com/abitofhelp/family-service/data/dev/sqlite/sqlite_init.go:193.16,195.3 1 0
github.com/abitofhelp/family-service/data/dev/sqlite/sqlite_init.go:198.2,205.16 2 0
github.com/abitofhelp/family-service/data/dev/sqlite/sqlite_init.go:205.16,207.3 1 0
github.com/abitofhelp/family-service/data/dev/sqlite/sqlite_init.go:210.2,215.3 1 0
github.com/abitofhelp/family-service/data/dev/sqlite/sqlite_init.go:218.46,227.16 2 0
github.com/abitofhelp/family-service/data/dev/sqlite/sqlite_init.go:227.16,229.3 1 0
github.com/abitofhelp/family-service/data/dev/sqlite/sqlite_init.go:232.2,237.3 1 0
github.com/abitofhelp/family-service/data/dev/sqlite/sqlite_init.go:240.46,249.16 2 0
github.com/abitofhelp/family-service/data/dev/sqlite/sqlite_init.go:249.16,251.3 1 0
github.com/abitofhelp/family-service/data/dev/sqlite/sqlite_init.go:253.2,261.16 3 0
github.com/abitofhelp/family-service/data/dev/sqlite/sqlite_init.go:261.16,263.3 1 0
github.com/abitofhelp/family-service/data/dev/sqlite/sqlite_init.go:266.2,273.16 2 0
github.com/abitofhelp/family-service/data/dev/sqlite/sqlite_init.go:273.16,275.3 1 0
github.com/abitofhelp/family-service/data/dev/sqlite/sqlite_init.go:277.2,284.16 2 0
github.com/abitofhelp/family-service/data/dev/sqlite/sqlite_init.go:284.16,286.3 1 0
github.com/abitofhelp/family-service/data/dev/sqlite/sqlite_init.go:289.2,294.3 1 0
github.com/abitofhelp/family-service/data/dev/sqlite/sqlite_init.go:297.42,299.16 2 0
github.com/abitofhelp/family-service/data/dev/sqlite/sqlite_init.go:299.16,301.3 1 0
github.com/abitofhelp/family-service/data/dev/sqlite/sqlite_init.go:302.2,302.10 1 0
github.com/abitofhelp/family-service/data/dev/sqlite/sqlite_init.go:305.42,306.40 1 0
github.com/abitofhelp/family-service/data/dev/sqlite/sqlite_init.go:306.40,308.3 1 0
github.com/abitofhelp/family-service/data/dev/sqlite/sqlite_init.go:309.2,309.17 1 0
github.com/abitofhelp/family-service/core/application/services/family_application_service.go:40.29,41.26 1 0
github.com/abitofhelp/family-service/core/application/services/family_application_service.go:41.26,42.40 1 0
github.com/abitofhelp/family-service/core/application/services/family_application_service.go:44.2,44.23 1 0
github.com/abitofhelp/family-service/core/application/services/family_application_service.go:44.23,45.43 1 0
github.com/abitofhelp/family-service/core/application/services/family_application_service.go:47.2,47.19 1 0
github.com/abitofhelp/family-service/core/application/services/family_application_service.go:47.19,48.32 1 0
github.com/abitofhelp/family-service/core/application/services/family_application_service.go:50.2,54.3 1 0
github.com/abitofhelp/family-service/core/application/services/family_application_service.go:58.114,63.16 3 0
github.com/abitofhelp/family-service/core/application/services/family_application_service.go:63.16,66.3 2 0
github.com/abitofhelp/family-service/core/application/services/family_application_service.go:68.2,69.20 2 0
github.com/abitofhelp/family-service/core/application/services/family_application_service.go:73.103,78.16 3 0
github.com/abitofhelp/family-service/core/application/services/family_application_service.go:78.16,81.3 2 0
github.com/abitofhelp/family-service/core/application/services/family_application_service.go:83.2,84.20 2 0
github.com/abitofhelp/family-service/core/application/services/family_application_service.go:88.93,93.16 3 0
github.com/abitofhelp/family-service/core/application/services/family_application_service.go:93.16,96.3 2 0
github.com/abitofhelp/family-service/core/application/services/family_application_service.go:99.2,100.31 2 0
github.com/abitofhelp/family-service/core/application/services/family_application_service.go:100.31,103.3 2 0
github.com/abitofhelp/family-service/core/application/services/family_application_service.go:105.2,106.18 2 0
github.com/abitofhelp/family-service/core/application/services/family_application_service.go:110.139,119.16 3 0
github.com/abitofhelp/family-service/core/application/services/family_application_service.go:119.16,125.3 2 0
github.com/abitofhelp/family-service/core/application/services/family_application_service.go:127.2,130.20 2 0
github.com/abitofhelp/family-service/core/application/services/family_application_service.go:134.136,143.16 3 0
github.com/abitofhelp/family-service/core/application/services/family_application_service.go:143.16,149.3 2 0
github.com/abitofhelp/family-service/core/application/services/family_application_service.go:151.2,154.20 2 0
github.com/abitofhelp/family-service/core/application/services/family_application_service.go:158.129,165.16 3 0
github.com/abitofhelp/family-service/core/application/services/family_application_service.go:165.16,171.3 2 0
github.com/abitofhelp/family-service/core/application/services/family_application_service.go:173.2,176.20 2 0
github.com/abitofhelp/family-service/core/application/services/family_application_service.go:180.158,188.16 3 0
github.com/abitofhelp/family-service/core/application/services/family_application_service.go:188.16,194.3 2 0
github.com/abitofhelp/family-service/core/application/services/family_application_service.go:196.2,199.20 2 0
github.com/abitofhelp/family-service/core/application/services/family_application_service.go:203.135,210.16 3 0
github.com/abitofhelp/family-service/core/application/services/family_application_service.go:210.16,216.3 2 0
github.com/abitofhelp/family-service/core/application/services/family_application_service.go:218.2,221.20 2 0
github.com/abitofhelp/family-service/core/application/services/family_application_service.go:225.124,228.20 2 0
github.com/abitofhelp/family-service/core/application/services/family_application_service.go:228.20,231.3 2 0
github.com/abitofhelp/family-service/core/application/services/family_application_service.go:234.2,235.16 2 0
github.com/abitofhelp/family-service/core/application/services/family_application_service.go:235.16,240.3 2 0
github.com/abitofhelp/family-service/core/application/services/family_application_service.go:243.2,244.31 2 0
github.com/abitofhelp/family-service/core/application/services/family_application_service.go:244.31,247.3 2 0
github.com/abitofhelp/family-service/core/application/services/family_application_service.go:249.2,252.18 2 0
github.com/abitofhelp/family-service/core/application/services/family_application_service.go:256.118,259.19 2 0
github.com/abitofhelp/family-service/core/application/services/family_application_service.go:259.19,262.3 2 0
github.com/abitofhelp/family-service/core/application/services/family_application_service.go:265.2,266.16 2 0
github.com/abitofhelp/family-service/core/application/services/family_application_service.go:266.16,267.47 1 0
github.com/abitofhelp/family-service/core/application/services/family_application_service.go:267.47,270.4 2 0
github.com/abitofhelp/family-service/core/application/services/family_application_service.go:271.3,274.103 2 0
github.com/abitofhelp/family-service/core/application/services/family_application_service.go:278.2,282.18 3 0
github.com/abitofhelp/family-service/core/application/services/family_application_service.go:286.119,289.2 2 0
github.com/abitofhelp/family-service/core/application/services/family_application_service.go:292.105,295.2 2 0
github.com/abitofhelp/family-service/core/application/services/family_application_service.go:298.101,301.2 2 0
github.com/abitofhelp/family-service/infrastructure/adapters/sqlite/repo.go:28.99,29.15 1 0
github.com/abitofhelp/family-service/infrastructure/adapters/sqlite/repo.go:29.15,30.45 1 0
github.com/abitofhelp/family-service/infrastructure/adapters/sqlite/repo.go:32.2,32.19 1 0
github.com/abitofhelp/family-service/infrastructure/adapters/sqlite/repo.go:32.19,33.32 1 0
github.com/abitofhelp/family-service/infrastructure/adapters/sqlite/repo.go:35.2,38.3 1 0
github.com/abitofhelp/family-service/infrastructure/adapters/sqlite/repo.go:42.79,54.16 4 0
github.com/abitofhelp/family-service/infrastructure/adapters/sqlite/repo.go:54.16,57.3 2 0
github.com/abitofhelp/family-service/infrastructure/adapters/sqlite/repo.go:59.2,60.12 2 0
github.com/abitofhelp/family-service/infrastructure/adapters/sqlite/repo.go:64.98,67.14 2 0
github.com/abitofhelp/family-service/infrastructure/adapters/sqlite/repo.go:67.14,70.3 2 0
github.com/abitofhelp/family-service/infrastructure/adapters/sqlite/repo.go:73.2,73.49 1 0
github.com/abitofhelp/family-service/infrastructure/adapters/sqlite/repo.go:73.49,75.3 1 0
github.com/abitofhelp/family-service/infrastructure/adapters/sqlite/repo.go:77.2,84.16 6 0
github.com/abitofhelp/family-service/infrastructure/adapters/sqlite/repo.go:84.16,85.27 1 0
github.com/abitofhelp/family-service/infrastructure/adapters/sqlite/repo.go:85.27,88.4 2 0
github.com/abitofhelp/family-service/infrastructure/adapters/sqlite/repo.go:89.3,90.97 2 0
github.com/abitofhelp/family-service/infrastructure/adapters/sqlite/repo.go:94.2,95.73 2 0
github.com/abitofhelp/family-service/infrastructure/adapters/sqlite/repo.go:95.73,98.3 2 0
github.com/abitofhelp/family-service/infrastructure/adapters/sqlite/repo.go:101.2,102.33 2 0
github.com/abitofhelp/family-service/infrastructure/adapters/sqlite/repo.go:102.33,104.17 2 0
github.com/abitofhelp/family-service/infrastructure/adapters/sqlite/repo.go:104.17,110.4 2 0
github.com/abitofhelp/family-service/infrastructure/adapters/sqlite/repo.go:111.3,111.31 1 0
github.com/abitofhelp/family-service/infrastructure/adapters/sqlite/repo.go:115.2,116.73 2 0
github.com/abitofhelp/family-service/infrastructure/adapters/sqlite/repo.go:116.73,119.3 2 0
github.com/abitofhelp/family-service/infrastructure/adapters/sqlite/repo.go:122.2,123.32 2 0
github.com/abitofhelp/family-service/infrastructure/adapters/sqlite/repo.go:123.32,125.17 2 0
github.com/abitofhelp/family-service/infrastructure/adapters/sqlite/repo.go:125.17,131.4 2 0
github.com/abitofhelp/family-service/infrastructure/adapters/sqlite/repo.go:132.3,132.33 1 0
github.com/abitofhelp/family-service/infrastructure/adapters/sqlite/repo.go:136.2,137.16 2 0
github.com/abitofhelp/family-service/infrastructure/adapters/sqlite/repo.go:137.16,140.3 2 0
github.com/abitofhelp/family-service/infrastructure/adapters/sqlite/repo.go:142.2,147.20 2 0
github.com/abitofhelp/family-service/infrastructure/adapters/sqlite/repo.go:151.86,154.16 2 0
github.com/abitofhelp/family-service/infrastructure/adapters/sqlite/repo.go:154.16,157.3 2 0
github.com/abitofhelp/family-service/infrastructure/adapters/sqlite/repo.go:159.2,159.39 1 0
github.com/abitofhelp/family-service/infrastructure/adapters/sqlite/repo.go:159.39,162.3 2 0
github.com/abitofhelp/family-service/infrastructure/adapters/sqlite/repo.go:165.2,165.49 1 0
github.com/abitofhelp/family-service/infrastructure/adapters/sqlite/repo.go:165.49,167.3 1 0
github.com/abitofhelp/family-service/infrastructure/adapters/sqlite/repo.go:170.2,171.16 2 0
github.com/abitofhelp/family-service/infrastructure/adapters/sqlite/repo.go:171.16,174.3 2 0
github.com/abitofhelp/family-service/infrastructure/adapters/sqlite/repo.go:177.2,178.15 2 0
github.com/abitofhelp/family-service/infrastructure/adapters/sqlite/repo.go:178.15,179.17 1 0
github.com/abitofhelp/family-service/infrastructure/adapters/sqlite/repo.go:179.17,180.56 1 0
github.com/abitofhelp/family-service/infrastructure/adapters/sqlite/repo.go:180.56,185.5 1 0
github.com/abitofhelp/family-service/infrastructure/adapters/sqlite/repo.go:190.2,191.34 2 0
github.com/abitofhelp/family-service/infrastructure/adapters/sqlite/repo.go:191.34,193.3 1 0
github.com/abitofhelp/family-service/infrastructure/adapters/sqlite/repo.go:196.2,197.35 2 0
github.com/abitofhelp/family-service/infrastructure/adapters/sqlite/repo.go:197.35,199.3 1 0
github.com/abitofhelp/family-service/infrastructure/adapters/sqlite/repo.go:202.2,203.16 2 0
github.com/abitofhelp/family-service/infrastructure/adapters/sqlite/repo.go:203.16,208.3 2 0
github.com/abitofhelp/family-service/infrastructure/adapters/sqlite/repo.go:210.2,211.16 2 0
github.com/abitofhelp/family-service/infrastructure/adapters/sqlite/repo.go:211.16,216.3 2 0
github.com/abitofhelp/family-service/infrastructure/adapters/sqlite/repo.go:219.2,221.40 3 0
github.com/abitofhelp/family-service/infrastructure/adapters/sqlite/repo.go:221.40,226.3 2 0
github.com/abitofhelp/family-service/infrastructure/adapters/sqlite/repo.go:228.2,232.26 4 0
github.com/abitofhelp/family-service/infrastructure/adapters/sqlite/repo.go:232.26,240.3 4 0
github.com/abitofhelp/family-service/infrastructure/adapters/sqlite/repo.go:240.8,248.3 4 0
github.com/abitofhelp/family-service/infrastructure/adapters/sqlite/repo.go:251.2,252.16 2 0
github.com/abitofhelp/family-service/infrastructure/adapters/sqlite/repo.go:252.16,258.3 2 0
github.com/abitofhelp/family-service/infrastructure/adapters/sqlite/repo.go:261.2,261.35 1 0
github.com/abitofhelp/family-service/infrastructure/adapters/sqlite/repo.go:261.35,266.3 2 0
github.com/abitofhelp/family-service/infrastructure/adapters/sqlite/repo.go:267.2,275.12 3 0
github.com/abitofhelp/family-service/infrastructure/adapters/sqlite/repo.go:279.113,282.20 2 0
github.com/abitofhelp/family-service/infrastructure/adapters/sqlite/repo.go:282.20,285.3 2 0
github.com/abitofhelp/family-service/infrastructure/adapters/sqlite/repo.go:288.2,288.49 1 0
github.com/abitofhelp/family-service/infrastructure/adapters/sqlite/repo.go:288.49,290.3 1 0
github.com/abitofhelp/family-service/infrastructure/adapters/sqlite/repo.go:294.2,296.16 3 0
github.com/abitofhelp/family-service/infrastructure/adapters/sqlite/repo.go:296.16,299.3 2 0
github.com/abitofhelp/family-service/infrastructure/adapters/sqlite/repo.go:300.2,305.18 4 0
github.com/abitofhelp/family-service/infrastructure/adapters/sqlite/repo.go:305.18,310.84 4 0
github.com/abitofhelp/family-service/infrastructure/adapters/sqlite/repo.go:310.84,313.4 2 0
github.com/abitofhelp/family-service/infrastructure/adapters/sqlite/repo.go:316.3,317.74 2 0
github.com/abitofhelp/family-service/infrastructure/adapters/sqlite/repo.go:317.74,322.4 2 0
github.com/abitofhelp/family-service/infrastructure/adapters/sqlite/repo.go:325.3,326.34 2 0
github.com/abitofhelp/family-service/infrastructure/adapters/sqlite/repo.go:326.34,327.26 1 0
github.com/abitofhelp/family-service/infrastructure/adapters/sqlite/repo.go:327.26,329.10 2 0
github.com/abitofhelp/family-service/infrastructure/adapters/sqlite/repo.go:333.3,333.17 1 0
github.com/abitofhelp/family-service/infrastructure/adapters/sqlite/repo.go:333.17,334.12 1 0
github.com/abitofhelp/family-service/infrastructure/adapters/sqlite/repo.go:337.3,344.34 4 0
github.com/abitofhelp/family-service/infrastructure/adapters/sqlite/repo.go:344.34,346.18 2 0
github.com/abitofhelp/family-service/infrastructure/adapters/sqlite/repo.go:346.18,352.5 2 0
github.com/abitofhelp/family-service/infrastructure/adapters/sqlite/repo.go:353.4,353.32 1 0
github.com/abitofhelp/family-service/infrastructure/adapters/sqlite/repo.go:357.3,358.74 2 0
github.com/abitofhelp/family-service/infrastructure/adapters/sqlite/repo.go:358.74,363.4 2 0
github.com/abitofhelp/family-service/infrastructure/adapters/sqlite/repo.go:366.3,367.33 2 0
github.com/abitofhelp/family-service/infrastructure/adapters/sqlite/repo.go:367.33,369.18 2 0
github.com/abitofhelp/family-service/infrastructure/adapters/sqlite/repo.go:369.18,375.5 2 0
github.com/abitofhelp/family-service/infrastructure/adapters/sqlite/repo.go:376.4,376.34 1 0
github.com/abitofhelp/family-service/infrastructure/adapters/sqlite/repo.go:380.3,381.17 2 0
github.com/abitofhelp/family-service/infrastructure/adapters/sqlite/repo.go:381.17,386.4 2 0
github.com/abitofhelp/family-service/infrastructure/adapters/sqlite/repo.go:388.3,388.35 1 0
github.com/abitofhelp/family-service/infrastructure/adapters/sqlite/repo.go:391.2,391.35 1 0
github.com/abitofhelp/family-service/infrastructure/adapters/sqlite/repo.go:391.35,394.3 2 0
github.com/abitofhelp/family-service/infrastructure/adapters/sqlite/repo.go:396.2,400.22 2 0
github.com/abitofhelp/family-service/infrastructure/adapters/sqlite/repo.go:404.88,408.49 2 0
github.com/abitofhelp/family-service/infrastructure/adapters/sqlite/repo.go:408.49,410.3 1 0
github.com/abitofhelp/family-service/infrastructure/adapters/sqlite/repo.go:413.2,414.16 2 0
github.com/abitofhelp/family-service/infrastructure/adapters/sqlite/repo.go:414.16,417.3 2 0
github.com/abitofhelp/family-service/infrastructure/adapters/sqlite/repo.go:418.2,422.18 3 0
github.com/abitofhelp/family-service/infrastructure/adapters/sqlite/repo.go:422.18,427.84 4 0
github.com/abitofhelp/family-service/infrastructure/adapters/sqlite/repo.go:427.84,430.4 2 0
github.com/abitofhelp/family-service/infrastructure/adapters/sqlite/repo.go:433.3,434.74 2 0
github.com/abitofhelp/family-service/infrastructure/adapters/sqlite/repo.go:434.74,439.4 2 0
github.com/abitofhelp/family-service/infrastructure/adapters/sqlite/repo.go:442.3,443.34 2 0
github.com/abitofhelp/family-service/infrastructure/adapters/sqlite/repo.go:443.34,445.18 2 0
github.com/abitofhelp/family-service/infrastructure/adapters/sqlite/repo.go:445.18,451.5 2 0
github.com/abitofhelp/family-service/infrastructure/adapters/sqlite/repo.go:452.4,452.32 1 0
github.com/abitofhelp/family-service/infrastructure/adapters/sqlite/repo.go:456.3,457.74 2 0
github.com/abitofhelp/family-service/infrastructure/adapters/sqlite/repo.go:457.74,462.4 2 0
github.com/abitofhelp/family-service/infrastructure/adapters/sqlite/repo.go:465.3,466.33 2 0
github.com/abitofhelp/family-service/infrastructure/adapters/sqlite/repo.go:466.33,468.18 2 0
github.com/abitofhelp/family-service/infrastructure/adapters/sqlite/repo.go:468.18,474.5 2 0
github.com/abitofhelp/family-service/infrastructure/adapters/sqlite/repo.go:475.4,475.34 1 0
github.com/abitofhelp/family-service/infrastructure/adapters/sqlite/repo.go:479.3,480.17 2 0
github.com/abitofhelp/family-service/infrastructure/adapters/sqlite/repo.go:480.17,485.4 2 0
github.com/abitofhelp/family-service/infrastructure/adapters/sqlite/repo.go:487.3,490.35 2 0
github.com/abitofhelp/family-service/infrastructure/adapters/sqlite/repo.go:493.2,493.35 1 0
github.com/abitofhelp/family-service/infrastructure/adapters/sqlite/repo.go:493.35,496.3 2 0
github.com/abitofhelp/family-service/infrastructure/adapters/sqlite/repo.go:498.2,499.22 2 0
github.com/abitofhelp/family-service/infrastructure/adapters/sqlite/repo.go:503.109,506.19 2 0
github.com/abitofhelp/family-service/infrastructure/adapters/sqlite/repo.go:506.19,509.3 2 0
github.com/abitofhelp/family-service/infrastructure/adapters/sqlite/repo.go:512.2,512.49 1 0
github.com/abitofhelp/family-service/infrastructure/adapters/sqlite/repo.go:512.49,514.3 1 0
github.com/abitofhelp/family-service/infrastructure/adapters/sqlite/repo.go:518.2,520.16 3 0
github.com/abitofhelp/family-service/infrastructure/adapters/sqlite/repo.go:520.16,523.3 2 0
github.com/abitofhelp/family-service/infrastructure/adapters/sqlite/repo.go:524.2,528.18 3 0
github.com/abitofhelp/family-service/infrastructure/adapters/sqlite/repo.go:528.18,533.84 4 0
github.com/abitofhelp/family-service/infrastructure/adapters/sqlite/repo.go:533.84,536.4 2 0
github.com/abitofhelp/family-service/infrastructure/adapters/sqlite/repo.go:538.3,542.74 3 0
github.com/abitofhelp/family-service/infrastructure/adapters/sqlite/repo.go:542.74,547.4 2 0
github.com/abitofhelp/family-service/infrastructure/adapters/sqlite/repo.go:550.3,551.33 2 0
github.com/abitofhelp/family-service/infrastructure/adapters/sqlite/repo.go:551.33,552.25 1 0
github.com/abitofhelp/family-service/infrastructure/adapters/sqlite/repo.go:552.25,554.10 2 0
github.com/abitofhelp/family-service/infrastructure/adapters/sqlite/repo.go:558.3,558.16 1 0
github.com/abitofhelp/family-service/infrastructure/adapters/sqlite/repo.go:558.16,559.12 1 0
github.com/abitofhelp/family-service/infrastructure/adapters/sqlite/repo.go:562.3,568.74 3 0
github.com/abitofhelp/family-service/infrastructure/adapters/sqlite/repo.go:568.74,573.4 2 0
github.com/abitofhelp/family-service/infrastructure/adapters/sqlite/repo.go:576.3,577.34 2 0
github.com/abitofhelp/family-service/infrastructure/adapters/sqlite/repo.go:577.34,579.18 2 0
github.com/abitofhelp/family-service/infrastructure/adapters/sqlite/repo.go:579.18,585.5 2 0
github.com/abitofhelp/family-service/infrastructure/adapters/sqlite/repo.go:586.4,586.32 1 0
github.com/abitofhelp/family-service/infrastructure/adapters/sqlite/repo.go:590.3,591.33 2 0
github.com/abitofhelp/family-service/infrastructure/adapters/sqlite/repo.go:591.33,593.18 2 0
github.com/abitofhelp/family-service/infrastructure/adapters/sqlite/repo.go:593.18,599.5 2 0
github.com/abitofhelp/family-service/infrastructure/adapters/sqlite/repo.go:600.4,600.34 1 0
github.com/abitofhelp/family-service/infrastructure/adapters/sqlite/repo.go:604.3,605.17 2 0
github.com/abitofhelp/family-service/infrastructure/adapters/sqlite/repo.go:605.17,610.4 2 0
github.com/abitofhelp/family-service/infrastructure/adapters/sqlite/repo.go:612.3,616.18 2 0
github.com/abitofhelp/family-service/infrastructure/adapters/sqlite/repo.go:619.2,619.35 1 0
github.com/abitofhelp/family-service/infrastructure/adapters/sqlite/repo.go:619.35,622.3 2 0
github.com/abitofhelp/family-service/infrastructure/adapters/sqlite/repo.go:624.2,627.67 2 0
github.com/abitofhelp/family-service/interface/adapters/graphql/model/models_gen.go:84.38,85.11 1 0
github.com/abitofhelp/family-service/interface/adapters/graphql/model/models_gen.go:86.113,87.14 1 0
github.com/abitofhelp/family-service/interface/adapters/graphql/model/models_gen.go:89.2,89.14 1 0
github.com/abitofhelp/family-service/interface/adapters/graphql/model/models_gen.go:92.39,94.2 1 0
github.com/abitofhelp/family-service/interface/adapters/graphql/model/models_gen.go:96.50,98.9 2 0
github.com/abitofhelp/family-service/interface/adapters/graphql/model/models_gen.go:98.9,100.3 1 0
github.com/abitofhelp/family-service/interface/adapters/graphql/model/models_gen.go:102.2,103.18 2 0
github.com/abitofhelp/family-service/interface/adapters/graphql/model/models_gen.go:103.18,105.3 1 0
github.com/abitofhelp/family-service/interface/adapters/graphql/model/models_gen.go:106.2,106.12 1 0
github.com/abitofhelp/family-service/interface/adapters/graphql/model/models_gen.go:109.47,111.2 1 0
github.com/abitofhelp/family-service/interface/adapters/graphql/model/models_gen.go:113.54,115.16 2 0
github.com/abitofhelp/family-service/interface/adapters/graphql/model/models_gen.go:115.16,117.3 1 0
github.com/abitofhelp/family-service/interface/adapters/graphql/model/models_gen.go:118.2,118.26 1 0
github.com/abitofhelp/family-service/interface/adapters/graphql/model/models_gen.go:121.53,125.2 3 0
github.com/abitofhelp/family-service/interface/adapters/graphql/model/models_gen.go:142.34,143.11 1 0
github.com/abitofhelp/family-service/interface/adapters/graphql/model/models_gen.go:144.53,145.14 1 0
github.com/abitofhelp/family-service/interface/adapters/graphql/model/models_gen.go:147.2,147.14 1 0
github.com/abitofhelp/family-service/interface/adapters/graphql/model/models_gen.go:150.35,152.2 1 0
github.com/abitofhelp/family-service/interface/adapters/graphql/model/models_gen.go:154.46,156.9 2 0
github.com/abitofhelp/family-service/interface/adapters/graphql/model/models_gen.go:156.9,158.3 1 0
github.com/abitofhelp/family-service/interface/adapters/graphql/model/models_gen.go:160.2,161.18 2 0
github.com/abitofhelp/family-service/interface/adapters/graphql/model/models_gen.go:161.18,163.3 1 0
github.com/abitofhelp/family-service/interface/adapters/graphql/model/models_gen.go:164.2,164.12 1 0
github.com/abitofhelp/family-service/interface/adapters/graphql/model/models_gen.go:167.43,169.2 1 0
github.com/abitofhelp/family-service/interface/adapters/graphql/model/models_gen.go:171.50,173.16 2 0
github.com/abitofhelp/family-service/interface/adapters/graphql/model/models_gen.go:173.16,175.3 1 0
github.com/abitofhelp/family-service/interface/adapters/graphql/model/models_gen.go:176.2,176.26 1 0
github.com/abitofhelp/family-service/interface/adapters/graphql/model/models_gen.go:179.49,183.2 3 0
github.com/abitofhelp/family-service/interface/adapters/graphql/model/models_gen.go:200.30,201.11 1 0
github.com/abitofhelp/family-service/interface/adapters/graphql/model/models_gen.go:202.41,203.14 1 0
github.com/abitofhelp/family-service/interface/adapters/graphql/model/models_gen.go:205.2,205.14 1 0
github.com/abitofhelp/family-service/interface/adapters/graphql/model/models_gen.go:208.31,210.2 1 0
github.com/abitofhelp/family-service/interface/adapters/graphql/model/models_gen.go:212.42,214.9 2 0
github.com/abitofhelp/family-service/interface/adapters/graphql/model/models_gen.go:214.9,216.3 1 0
github.com/abitofhelp/family-service/interface/adapters/graphql/model/models_gen.go:218.2,219.18 2 0
github.com/abitofhelp/family-service/interface/adapters/graphql/model/models_gen.go:219.18,221.3 1 0
github.com/abitofhelp/family-service/interface/adapters/graphql/model/models_gen.go:222.2,222.12 1 0
github.com/abitofhelp/family-service/interface/adapters/graphql/model/models_gen.go:225.39,227.2 1 0
github.com/abitofhelp/family-service/interface/adapters/graphql/model/models_gen.go:229.46,231.16 2 0
github.com/abitofhelp/family-service/interface/adapters/graphql/model/models_gen.go:231.16,233.3 1 0
github.com/abitofhelp/family-service/interface/adapters/graphql/model/models_gen.go:234.2,234.26 1 0
github.com/abitofhelp/family-service/interface/adapters/graphql/model/models_gen.go:237.45,241.2 3 0
github.com/abitofhelp/family-service/interface/adapters/graphql/model/models_gen.go:260.31,261.11 1 0
github.com/abitofhelp/family-service/interface/adapters/graphql/model/models_gen.go:262.55,263.14 1 0
github.com/abitofhelp/family-service/interface/adapters/graphql/model/models_gen.go:265.2,265.14 1 0
github.com/abitofhelp/family-service/interface/adapters/graphql/model/models_gen.go:268.32,270.2 1 0
github.com/abitofhelp/family-service/interface/adapters/graphql/model/models_gen.go:272.43,274.9 2 0
github.com/abitofhelp/family-service/interface/adapters/graphql/model/models_gen.go:274.9,276.3 1 0
github.com/abitofhelp/family-service/interface/adapters/graphql/model/models_gen.go:278.2,279.18 2 0
github.com/abitofhelp/family-service/interface/adapters/graphql/model/models_gen.go:279.18,281.3 1 0
github.com/abitofhelp/family-service/interface/adapters/graphql/model/models_gen.go:282.2,282.12 1 0
github.com/abitofhelp/family-service/interface/adapters/graphql/model/models_gen.go:285.40,287.2 1 0
github.com/abitofhelp/family-service/interface/adapters/graphql/model/models_gen.go:289.47,291.16 2 0
github.com/abitofhelp/family-service/interface/adapters/graphql/model/models_gen.go:291.16,293.3 1 0
github.com/abitofhelp/family-service/interface/adapters/graphql/model/models_gen.go:294.2,294.26 1 0
github.com/abitofhelp/family-service/interface/adapters/graphql/model/models_gen.go:297.46,301.2 3 0
github.com/abitofhelp/family-service/infrastructure/adapters/di/repository_initializers.go:22.120,28.16 3 0
github.com/abitofhelp/family-service/infrastructure/adapters/di/repository_initializers.go:28.16,30.3 1 0
github.com/abitofhelp/family-service/infrastructure/adapters/di/repository_initializers.go:33.2,39.56 3 0
github.com/abitofhelp/family-service/infrastructure/adapters/di/repository_initializers.go:44.129,50.16 3 0
github.com/abitofhelp/family-service/infrastructure/adapters/di/repository_initializers.go:50.16,52.3 1 0
github.com/abitofhelp/family-service/infrastructure/adapters/di/repository_initializers.go:55.2,58.56 2 0
github.com/abitofhelp/family-service/infrastructure/adapters/di/repository_initializers.go:63.123,69.16 3 0
github.com/abitofhelp/family-service/infrastructure/adapters/di/repository_initializers.go:69.16,71.3 1 0
github.com/abitofhelp/family-service/infrastructure/adapters/di/repository_initializers.go:74.2,77.64 2 0
github.com/abitofhelp/family-service/infrastructure/adapters/mongo/repo.go:54.84,55.23 1 0
github.com/abitofhelp/family-service/infrastructure/adapters/mongo/repo.go:55.23,56.36 1 0
github.com/abitofhelp/family-service/infrastructure/adapters/mongo/repo.go:58.2,58.55 1 0
github.com/abitofhelp/family-service/infrastructure/adapters/mongo/repo.go:62.97,63.14 1 0
github.com/abitofhelp/family-service/infrastructure/adapters/mongo/repo.go:63.14,65.3 1 0
github.com/abitofhelp/family-service/infrastructure/adapters/mongo/repo.go:67.2,69.16 3 0
github.com/abitofhelp/family-service/infrastructure/adapters/mongo/repo.go:69.16,70.34 1 0
github.com/abitofhelp/family-service/infrastructure/adapters/mongo/repo.go:70.34,72.4 1 0
github.com/abitofhelp/family-service/infrastructure/adapters/mongo/repo.go:73.3,73.97 1 0
github.com/abitofhelp/family-service/infrastructure/adapters/mongo/repo.go:77.2,77.32 1 0
github.com/abitofhelp/family-service/infrastructure/adapters/mongo/repo.go:81.85,82.16 1 0
github.com/abitofhelp/family-service/infrastructure/adapters/mongo/repo.go:82.16,84.3 1 0
github.com/abitofhelp/family-service/infrastructure/adapters/mongo/repo.go:86.2,86.39 1 0
github.com/abitofhelp/family-service/infrastructure/adapters/mongo/repo.go:86.39,88.3 1 0
github.com/abitofhelp/family-service/infrastructure/adapters/mongo/repo.go:91.2,102.16 3 0
github.com/abitofhelp/family-service/infrastructure/adapters/mongo/repo.go:102.16,104.3 1 0
github.com/abitofhelp/family-service/infrastructure/adapters/mongo/repo.go:106.2,106.12 1 0
github.com/abitofhelp/family-service/infrastructure/adapters/mongo/repo.go:110.112,111.20 1 0
github.com/abitofhelp/family-service/infrastructure/adapters/mongo/repo.go:111.20,113.3 1 0
github.com/abitofhelp/family-service/infrastructure/adapters/mongo/repo.go:116.2,117.16 2 0
github.com/abitofhelp/family-service/infrastructure/adapters/mongo/repo.go:117.16,119.3 1 0
github.com/abitofhelp/family-service/infrastructure/adapters/mongo/repo.go:120.2,123.47 3 0
github.com/abitofhelp/family-service/infrastructure/adapters/mongo/repo.go:123.47,125.3 1 0
github.com/abitofhelp/family-service/infrastructure/adapters/mongo/repo.go:128.2,129.27 2 0
github.com/abitofhelp/family-service/infrastructure/adapters/mongo/repo.go:129.27,131.17 2 0
github.com/abitofhelp/family-service/infrastructure/adapters/mongo/repo.go:131.17,133.4 1 0
github.com/abitofhelp/family-service/infrastructure/adapters/mongo/repo.go:134.3,134.35 1 0
github.com/abitofhelp/family-service/infrastructure/adapters/mongo/repo.go:137.2,137.22 1 0
github.com/abitofhelp/family-service/infrastructure/adapters/mongo/repo.go:141.108,142.19 1 0
github.com/abitofhelp/family-service/infrastructure/adapters/mongo/repo.go:142.19,144.3 1 0
github.com/abitofhelp/family-service/infrastructure/adapters/mongo/repo.go:147.2,149.16 3 0
github.com/abitofhelp/family-service/infrastructure/adapters/mongo/repo.go:149.16,150.34 1 0
github.com/abitofhelp/family-service/infrastructure/adapters/mongo/repo.go:150.34,152.4 1 0
github.com/abitofhelp/family-service/infrastructure/adapters/mongo/repo.go:153.3,153.97 1 0
github.com/abitofhelp/family-service/infrastructure/adapters/mongo/repo.go:157.2,157.32 1 0
github.com/abitofhelp/family-service/infrastructure/adapters/mongo/repo.go:161.87,165.16 2 0
github.com/abitofhelp/family-service/infrastructure/adapters/mongo/repo.go:165.16,167.3 1 0
github.com/abitofhelp/family-service/infrastructure/adapters/mongo/repo.go:168.2,171.47 3 0
github.com/abitofhelp/family-service/infrastructure/adapters/mongo/repo.go:171.47,173.3 1 0
github.com/abitofhelp/family-service/infrastructure/adapters/mongo/repo.go:176.2,177.27 2 0
github.com/abitofhelp/family-service/infrastructure/adapters/mongo/repo.go:177.27,179.17 2 0
github.com/abitofhelp/family-service/infrastructure/adapters/mongo/repo.go:179.17,181.4 1 0
github.com/abitofhelp/family-service/infrastructure/adapters/mongo/repo.go:182.3,182.35 1 0
github.com/abitofhelp/family-service/infrastructure/adapters/mongo/repo.go:185.2,185.22 1 0
github.com/abitofhelp/family-service/infrastructure/adapters/mongo/repo.go:189.94,192.32 2 0
github.com/abitofhelp/family-service/infrastructure/adapters/mongo/repo.go:192.32,195.17 2 0
github.com/abitofhelp/family-service/infrastructure/adapters/mongo/repo.go:195.17,197.4 1 0
github.com/abitofhelp/family-service/infrastructure/adapters/mongo/repo.go:199.3,200.25 2 0
github.com/abitofhelp/family-service/infrastructure/adapters/mongo/repo.go:200.25,202.18 2 0
github.com/abitofhelp/family-service/infrastructure/adapters/mongo/repo.go:202.18,204.5 1 0
github.com/abitofhelp/family-service/infrastructure/adapters/mongo/repo.go:205.4,205.32 1 0
github.com/abitofhelp/family-service/infrastructure/adapters/mongo/repo.go:209.3,210.17 2 0
github.com/abitofhelp/family-service/infrastructure/adapters/mongo/repo.go:210.17,212.4 1 0
github.com/abitofhelp/family-service/infrastructure/adapters/mongo/repo.go:213.3,213.42 1 0
github.com/abitofhelp/family-service/infrastructure/adapters/mongo/repo.go:217.2,218.33 2 0
github.com/abitofhelp/family-service/infrastructure/adapters/mongo/repo.go:218.33,221.17 2 0
github.com/abitofhelp/family-service/infrastructure/adapters/mongo/repo.go:221.17,223.4 1 0
github.com/abitofhelp/family-service/infrastructure/adapters/mongo/repo.go:225.3,226.25 2 0
github.com/abitofhelp/family-service/infrastructure/adapters/mongo/repo.go:226.25,228.18 2 0
github.com/abitofhelp/family-service/infrastructure/adapters/mongo/repo.go:228.18,230.5 1 0
github.com/abitofhelp/family-service/infrastructure/adapters/mongo/repo.go:231.4,231.32 1 0
github.com/abitofhelp/family-service/infrastructure/adapters/mongo/repo.go:235.3,236.17 2 0
github.com/abitofhelp/family-service/infrastructure/adapters/mongo/repo.go:236.17,238.4 1 0
github.com/abitofhelp/family-service/infrastructure/adapters/mongo/repo.go:239.3,239.43 1 0
github.com/abitofhelp/family-service/infrastructure/adapters/mongo/repo.go:244.2,244.85 1 0
github.com/abitofhelp/family-service/infrastructure/adapters/mongo/repo.go:248.85,251.34 2 0
github.com/abitofhelp/family-service/infrastructure/adapters/mongo/repo.go:251.34,253.27 2 0
github.com/abitofhelp/family-service/infrastructure/adapters/mongo/repo.go:253.27,256.4 2 0
github.com/abitofhelp/family-service/infrastructure/adapters/mongo/repo.go:258.3,264.5 1 0
github.com/abitofhelp/family-service/infrastructure/adapters/mongo/repo.go:268.2,269.35 2 0
github.com/abitofhelp/family-service/infrastructure/adapters/mongo/repo.go:269.35,271.27 2 0
github.com/abitofhelp/family-service/infrastructure/adapters/mongo/repo.go:271.27,274.4 2 0
github.com/abitofhelp/family-service/infrastructure/adapters/mongo/repo.go:276.3,282.5 1 0
github.com/abitofhelp/family-service/infrastructure/adapters/mongo/repo.go:286.2,295.3 2 0
github.com/abitofhelp/family-service/interface/adapters/graphql/generated/generated.go:25.63,32.2 1 0
github.com/abitofhelp/family-service/interface/adapters/graphql/generated/generated.go:134.49,135.21 1 0
github.com/abitofhelp/family-service/interface/adapters/graphql/generated/generated.go:135.21,137.3 1 0
github.com/abitofhelp/family-service/interface/adapters/graphql/generated/generated.go:138.2,138.21 1 0
github.com/abitofhelp/family-service/interface/adapters/graphql/generated/generated.go:141.141,144.32 3 0
github.com/abitofhelp/family-service/interface/adapters/graphql/generated/generated.go:146.25,147.42 1 0
github.com/abitofhelp/family-service/interface/adapters/graphql/generated/generated.go:147.42,148.9 1 0
github.com/abitofhelp/family-service/interface/adapters/graphql/generated/generated.go:151.3,151.61 1 0
github.com/abitofhelp/family-service/interface/adapters/graphql/generated/generated.go:153.25,154.42 1 0
github.com/abitofhelp/family-service/interface/adapters/graphql/generated/generated.go:154.42,155.9 1 0
github.com/abitofhelp/family-service/interface/adapters/graphql/generated/generated.go:158.3,158.61 1 0
github.com/abitofhelp/family-service/interface/adapters/graphql/generated/generated.go:160.25,161.42 1 0
github.com/abitofhelp/family-service/interface/adapters/graphql/generated/generated.go:161.42,162.9 1 0
github.com/abitofhelp/family-service/interface/adapters/graphql/generated/generated.go:165.3,165.61 1 0
github.com/abitofhelp/family-service/interface/adapters/graphql/generated/generated.go:167.18,168.35 1 0
github.com/abitofhelp/family-service/interface/adapters/graphql/generated/generated.go:168.35,169.9 1 0
github.com/abitofhelp/family-service/interface/adapters/graphql/generated/generated.go:172.3,172.54 1 0
github.com/abitofhelp/family-service/interface/adapters/graphql/generated/generated.go:174.24,175.41 1 0
github.com/abitofhelp/family-service/interface/adapters/graphql/generated/generated.go:175.41,176.9 1 0
github.com/abitofhelp/family-service/interface/adapters/graphql/generated/generated.go:179.3,179.60 1 0
github.com/abitofhelp/family-service/interface/adapters/graphql/generated/generated.go:181.20,182.37 1 0
github.com/abitofhelp/family-service/interface/adapters/graphql/generated/generated.go:182.37,183.9 1 0
github.com/abitofhelp/family-service/interface/adapters/graphql/generated/generated.go:186.3,186.56 1 0
github.com/abitofhelp/family-service/interface/adapters/graphql/generated/generated.go:188.23,189.40 1 0
github.com/abitofhelp/family-service/interface/adapters/graphql/generated/generated.go:189.40,190.9 1 0
github.com/abitofhelp/family-service/interface/adapters/graphql/generated/generated.go:193.3,193.59 1 0
github.com/abitofhelp/family-service/interface/adapters/graphql/generated/generated.go:195.20,196.37 1 0
github.com/abitofhelp/family-service/interface/adapters/graphql/generated/generated.go:196.37,197.9 1 0
github.com/abitofhelp/family-service/interface/adapters/graphql/generated/generated.go:200.3,200.56 1 0
github.com/abitofhelp/family-service/interface/adapters/graphql/generated/generated.go:202.25,203.42 1 0
github.com/abitofhelp/family-service/interface/adapters/graphql/generated/generated.go:203.42,204.9 1 0
github.com/abitofhelp/family-service/interface/adapters/graphql/generated/generated.go:207.3,207.61 1 0
github.com/abitofhelp/family-service/interface/adapters/graphql/generated/generated.go:209.30,210.47 1 0
github.com/abitofhelp/family-service/interface/adapters/graphql/generated/generated.go:210.47,211.9 1 0
github.com/abitofhelp/family-service/interface/adapters/graphql/generated/generated.go:214.3,214.66 1 0
github.com/abitofhelp/family-service/interface/adapters/graphql/generated/generated.go:216.19,217.36 1 0
github.com/abitofhelp/family-service/interface/adapters/graphql/generated/generated.go:217.36,218.9 1 0
github.com/abitofhelp/family-service/interface/adapters/graphql/generated/generated.go:221.3,221.55 1 0
github.com/abitofhelp/family-service/interface/adapters/graphql/generated/generated.go:223.28,224.45 1 0
github.com/abitofhelp/family-service/interface/adapters/graphql/generated/generated.go:224.45,225.9 1 0
github.com/abitofhelp/family-service/interface/adapters/graphql/generated/generated.go:228.3,228.64 1 0
github.com/abitofhelp/family-service/interface/adapters/graphql/generated/generated.go:230.24,231.41 1 0
github.com/abitofhelp/family-service/interface/adapters/graphql/generated/generated.go:231.41,232.9 1 0
github.com/abitofhelp/family-service/interface/adapters/graphql/generated/generated.go:235.3,235.60 1 0
github.com/abitofhelp/family-service/interface/adapters/graphql/generated/generated.go:237.23,238.40 1 0
github.com/abitofhelp/family-service/interface/adapters/graphql/generated/generated.go:238.40,239.9 1 0
github.com/abitofhelp/family-service/interface/adapters/graphql/generated/generated.go:242.3,242.59 1 0
github.com/abitofhelp/family-service/interface/adapters/graphql/generated/generated.go:244.27,245.44 1 0
github.com/abitofhelp/family-service/interface/adapters/graphql/generated/generated.go:245.44,246.9 1 0
github.com/abitofhelp/family-service/interface/adapters/graphql/generated/generated.go:249.3,250.17 2 0
github.com/abitofhelp/family-service/interface/adapters/graphql/generated/generated.go:250.17,252.4 1 0
github.com/abitofhelp/family-service/interface/adapters/graphql/generated/generated.go:254.3,254.132 1 0
github.com/abitofhelp/family-service/interface/adapters/graphql/generated/generated.go:256.28,257.45 1 0
github.com/abitofhelp/family-service/interface/adapters/graphql/generated/generated.go:257.45,258.9 1 0
github.com/abitofhelp/family-service/interface/adapters/graphql/generated/generated.go:261.3,262.17 2 0
github.com/abitofhelp/family-service/interface/adapters/graphql/generated/generated.go:262.17,264.4 1 0
github.com/abitofhelp/family-service/interface/adapters/graphql/generated/generated.go:266.3,266.134 1 0
github.com/abitofhelp/family-service/interface/adapters/graphql/generated/generated.go:268.31,269.48 1 0
github.com/abitofhelp/family-service/interface/adapters/graphql/generated/generated.go:269.48,270.9 1 0
github.com/abitofhelp/family-service/interface/adapters/graphql/generated/generated.go:273.3,274.17 2 0
github.com/abitofhelp/family-service/interface/adapters/graphql/generated/generated.go:274.17,276.4 1 0
github.com/abitofhelp/family-service/interface/adapters/graphql/generated/generated.go:278.3,278.102 1 0
github.com/abitofhelp/family-service/interface/adapters/graphql/generated/generated.go:280.26,281.43 1 0
github.com/abitofhelp/family-service/interface/adapters/graphql/generated/generated.go:281.43,282.9 1 0
github.com/abitofhelp/family-service/interface/adapters/graphql/generated/generated.go:285.3,286.17 2 0
github.com/abitofhelp/family-service/interface/adapters/graphql/generated/generated.go:286.17,288.4 1 0
github.com/abitofhelp/family-service/interface/adapters/graphql/generated/generated.go:290.3,290.141 1 0
github.com/abitofhelp/family-service/interface/adapters/graphql/generated/generated.go:292.37,293.54 1 0
github.com/abitofhelp/family-service/interface/adapters/graphql/generated/generated.go:293.54,294.9 1 0
github.com/abitofhelp/family-service/interface/adapters/graphql/generated/generated.go:297.3,298.17 2 0
github.com/abitofhelp/family-service/interface/adapters/graphql/generated/generated.go:298.17,300.4 1 0
github.com/abitofhelp/family-service/interface/adapters/graphql/generated/generated.go:302.3,302.171 1 0
github.com/abitofhelp/family-service/interface/adapters/graphql/generated/generated.go:304.30,305.47 1 0
github.com/abitofhelp/family-service/interface/adapters/graphql/generated/generated.go:305.47,306.9 1 0
github.com/abitofhelp/family-service/interface/adapters/graphql/generated/generated.go:309.3,310.17 2 0
github.com/abitofhelp/family-service/interface/adapters/graphql/generated/generated.go:310.17,312.4 1 0
github.com/abitofhelp/family-service/interface/adapters/graphql/generated/generated.go:314.3,314.135 1 0
github.com/abitofhelp/family-service/interface/adapters/graphql/generated/generated.go:316.26,317.43 1 0
github.com/abitofhelp/family-service/interface/adapters/graphql/generated/generated.go:317.43,318.9 1 0
github.com/abitofhelp/family-service/interface/adapters/graphql/generated/generated.go:321.3,321.62 1 0
github.com/abitofhelp/family-service/interface/adapters/graphql/generated/generated.go:323.26,324.43 1 0
github.com/abitofhelp/family-service/interface/adapters/graphql/generated/generated.go:324.43,325.9 1 0
github.com/abitofhelp/family-service/interface/adapters/graphql/generated/generated.go:328.3,328.62 1 0
github.com/abitofhelp/family-service/interface/adapters/graphql/generated/generated.go:330.26,331.43 1 0
github.com/abitofhelp/family-service/interface/adapters/graphql/generated/generated.go:331.43,332.9 1 0
github.com/abitofhelp/family-service/interface/adapters/graphql/generated/generated.go:335.3,335.62 1 0
github.com/abitofhelp/family-service/interface/adapters/graphql/generated/generated.go:337.19,338.36 1 0
github.com/abitofhelp/family-service/interface/adapters/graphql/generated/generated.go:338.36,339.9 1 0
github.com/abitofhelp/family-service/interface/adapters/graphql/generated/generated.go:342.3,342.55 1 0
github.com/abitofhelp/family-service/interface/adapters/graphql/generated/generated.go:344.25,345.42 1 0
github.com/abitofhelp/family-service/interface/adapters/graphql/generated/generated.go:345.42,346.9 1 0
github.com/abitofhelp/family-service/interface/adapters/graphql/generated/generated.go:349.3,349.61 1 0
github.com/abitofhelp/family-service/interface/adapters/graphql/generated/generated.go:351.29,352.46 1 0
github.com/abitofhelp/family-service/interface/adapters/graphql/generated/generated.go:352.46,353.9 1 0
github.com/abitofhelp/family-service/interface/adapters/graphql/generated/generated.go:356.3,356.65 1 0
github.com/abitofhelp/family-service/interface/adapters/graphql/generated/generated.go:358.29,359.46 1 0
github.com/abitofhelp/family-service/interface/adapters/graphql/generated/generated.go:359.46,360.9 1 0
github.com/abitofhelp/family-service/interface/adapters/graphql/generated/generated.go:363.3,363.65 1 0
github.com/abitofhelp/family-service/interface/adapters/graphql/generated/generated.go:365.28,366.45 1 0
github.com/abitofhelp/family-service/interface/adapters/graphql/generated/generated.go:366.45,367.9 1 0
github.com/abitofhelp/family-service/interface/adapters/graphql/generated/generated.go:370.3,370.64 1 0
github.com/abitofhelp/family-service/interface/adapters/graphql/generated/generated.go:372.36,373.53 1 0
github.com/abitofhelp/family-service/interface/adapters/graphql/generated/generated.go:373.53,374.9 1 0
github.com/abitofhelp/family-service/interface/adapters/graphql/generated/generated.go:377.3,378.17 2 0
github.com/abitofhelp/family-service/interface/adapters/graphql/generated/generated.go:378.17,380.4 1 0
github.com/abitofhelp/family-service/interface/adapters/graphql/generated/generated.go:382.3,382.107 1 0
github.com/abitofhelp/family-service/interface/adapters/graphql/generated/generated.go:384.33,385.50 1 0
github.com/abitofhelp/family-service/interface/adapters/graphql/generated/generated.go:385.50,386.9 1 0
github.com/abitofhelp/family-service/interface/adapters/graphql/generated/generated.go:389.3,390.17 2 0
github.com/abitofhelp/family-service/interface/adapters/graphql/generated/generated.go:390.17,392.4 1 0
github.com/abitofhelp/family-service/interface/adapters/graphql/generated/generated.go:394.3,394.103 1 0
github.com/abitofhelp/family-service/interface/adapters/graphql/generated/generated.go:396.30,397.47 1 0
github.com/abitofhelp/family-service/interface/adapters/graphql/generated/generated.go:397.47,398.9 1 0
github.com/abitofhelp/family-service/interface/adapters/graphql/generated/generated.go:401.3,401.66 1 0
github.com/abitofhelp/family-service/interface/adapters/graphql/generated/generated.go:403.25,404.42 1 0
github.com/abitofhelp/family-service/interface/adapters/graphql/generated/generated.go:404.42,405.9 1 0
github.com/abitofhelp/family-service/interface/adapters/graphql/generated/generated.go:408.3,409.17 2 0
github.com/abitofhelp/family-service/interface/adapters/graphql/generated/generated.go:409.17,411.4 1 0
github.com/abitofhelp/family-service/interface/adapters/graphql/generated/generated.go:413.3,413.90 1 0
github.com/abitofhelp/family-service/interface/adapters/graphql/generated/generated.go:415.23,416.40 1 0
github.com/abitofhelp/family-service/interface/adapters/graphql/generated/generated.go:416.40,417.9 1 0
github.com/abitofhelp/family-service/interface/adapters/graphql/generated/generated.go:420.3,420.59 1 0
github.com/abitofhelp/family-service/interface/adapters/graphql/generated/generated.go:423.2,423.17 1 0
github.com/abitofhelp/family-service/interface/adapters/graphql/generated/generated.go:426.78,436.35 5 0
github.com/abitofhelp/family-service/interface/adapters/graphql/generated/generated.go:437.17,438.54 1 0
github.com/abitofhelp/family-service/interface/adapters/graphql/generated/generated.go:438.54,441.13 3 0
github.com/abitofhelp/family-service/interface/adapters/graphql/generated/generated.go:441.13,445.5 3 0
github.com/abitofhelp/family-service/interface/adapters/graphql/generated/generated.go:445.10,446.50 1 0
github.com/abitofhelp/family-service/interface/adapters/graphql/generated/generated.go:446.50,453.6 6 0
github.com/abitofhelp/family-service/interface/adapters/graphql/generated/generated.go:453.11,455.6 1 0
github.com/abitofhelp/family-service/interface/adapters/graphql/generated/generated.go:457.4,460.42 4 0
github.com/abitofhelp/family-service/interface/adapters/graphql/generated/generated.go:460.42,463.5 2 0
github.com/abitofhelp/family-service/interface/adapters/graphql/generated/generated.go:465.4,465.20 1 0
github.com/abitofhelp/family-service/interface/adapters/graphql/generated/generated.go:467.20,468.54 1 0
github.com/abitofhelp/family-service/interface/adapters/graphql/generated/generated.go:468.54,469.14 1 0
github.com/abitofhelp/family-service/interface/adapters/graphql/generated/generated.go:469.14,471.5 1 0
github.com/abitofhelp/family-service/interface/adapters/graphql/generated/generated.go:472.4,480.5 6 0
github.com/abitofhelp/family-service/interface/adapters/graphql/generated/generated.go:483.10,484.86 1 0
github.com/abitofhelp/family-service/interface/adapters/graphql/generated/generated.go:496.76,498.12 2 0
github.com/abitofhelp/family-service/interface/adapters/graphql/generated/generated.go:498.12,508.31 4 0
github.com/abitofhelp/family-service/interface/adapters/graphql/generated/generated.go:508.31,510.4 1 0
github.com/abitofhelp/family-service/interface/adapters/graphql/generated/generated.go:511.3,511.27 1 0
github.com/abitofhelp/family-service/interface/adapters/graphql/generated/generated.go:515.79,516.29 1 0
github.com/abitofhelp/family-service/interface/adapters/graphql/generated/generated.go:516.29,518.3 1 0
github.com/abitofhelp/family-service/interface/adapters/graphql/generated/generated.go:519.2,519.51 1 0
github.com/abitofhelp/family-service/interface/adapters/graphql/generated/generated.go:522.86,523.29 1 0
github.com/abitofhelp/family-service/interface/adapters/graphql/generated/generated.go:523.29,525.3 1 0
github.com/abitofhelp/family-service/interface/adapters/graphql/generated/generated.go:526.2,526.81 1 0
github.com/abitofhelp/family-service/interface/adapters/graphql/generated/generated.go:796.120,800.16 4 0
github.com/abitofhelp/family-service/interface/adapters/graphql/generated/generated.go:800.16,802.3 1 0
github.com/abitofhelp/family-service/interface/adapters/graphql/generated/generated.go:803.2,805.16 3 0
github.com/abitofhelp/family-service/interface/adapters/graphql/generated/generated.go:805.16,807.3 1 0
github.com/abitofhelp/family-service/interface/adapters/graphql/generated/generated.go:808.2,810.16 3 0
github.com/abitofhelp/family-service/interface/adapters/graphql/generated/generated.go:810.16,812.3 1 0
github.com/abitofhelp/family-service/interface/adapters/graphql/generated/generated.go:813.2,814.18 2 0
github.com/abitofhelp/family-service/interface/adapters/graphql/generated/generated.go:819.25,820.43 1 0
github.com/abitofhelp/family-service/interface/adapters/graphql/generated/generated.go:820.43,823.3 2 0
github.com/abitofhelp/family-service/interface/adapters/graphql/generated/generated.go:825.2,826.44 2 0
github.com/abitofhelp/family-service/interface/adapters/graphql/generated/generated.go:826.44,828.3 1 0
github.com/abitofhelp/family-service/interface/adapters/graphql/generated/generated.go:830.2,831.21 2 0
github.com/abitofhelp/family-service/interface/adapters/graphql/generated/generated.go:837.26,838.45 1 0
github.com/abitofhelp/family-service/interface/adapters/graphql/generated/generated.go:838.45,841.3 2 0
github.com/abitofhelp/family-service/interface/adapters/graphql/generated/generated.go:843.2,844.46 2 0
github.com/abitofhelp/family-service/interface/adapters/graphql/generated/generated.go:844.46,846.3 1 0
github.com/abitofhelp/family-service/interface/adapters/graphql/generated/generated.go:848.2,849.21 2 0
github.com/abitofhelp/family-service/interface/adapters/graphql/generated/generated.go:855.28,856.39 1 0
github.com/abitofhelp/family-service/interface/adapters/graphql/generated/generated.go:856.39,859.3 2 0
github.com/abitofhelp/family-service/interface/adapters/graphql/generated/generated.go:861.2,862.40 2 0
github.com/abitofhelp/family-service/interface/adapters/graphql/generated/generated.go:862.40,864.3 1 0
github.com/abitofhelp/family-service/interface/adapters/graphql/generated/generated.go:866.2,867.21 2 0
github.com/abitofhelp/family-service/interface/adapters/graphql/generated/generated.go:870.127,874.16 4 0
github.com/abitofhelp/family-service/interface/adapters/graphql/generated/generated.go:874.16,876.3 1 0
github.com/abitofhelp/family-service/interface/adapters/graphql/generated/generated.go:877.2,879.16 3 0
github.com/abitofhelp/family-service/interface/adapters/graphql/generated/generated.go:879.16,881.3 1 0
github.com/abitofhelp/family-service/interface/adapters/graphql/generated/generated.go:882.2,883.18 2 0
github.com/abitofhelp/family-service/interface/adapters/graphql/generated/generated.go:888.27,889.39 1 0
github.com/abitofhelp/family-service/interface/adapters/graphql/generated/generated.go:889.39,892.3 2 0
github.com/abitofhelp/family-service/interface/adapters/graphql/generated/generated.go:894.2,895.40 2 0
github.com/abitofhelp/family-service/interface/adapters/graphql/generated/generated.go:895.40,897.3 1 0
github.com/abitofhelp/family-service/interface/adapters/graphql/generated/generated.go:899.2,900.21 2 0
github.com/abitofhelp/family-service/interface/adapters/graphql/generated/generated.go:906.29,907.36 1 0
github.com/abitofhelp/family-service/interface/adapters/graphql/generated/generated.go:907.36,910.3 2 0
github.com/abitofhelp/family-service/interface/adapters/graphql/generated/generated.go:912.2,913.37 2 0
github.com/abitofhelp/family-service/interface/adapters/graphql/generated/generated.go:913.37,915.3 1 0
github.com/abitofhelp/family-service/interface/adapters/graphql/generated/generated.go:917.2,918.21 2 0
github.com/abitofhelp/family-service/interface/adapters/graphql/generated/generated.go:921.128,925.16 4 0
github.com/abitofhelp/family-service/interface/adapters/graphql/generated/generated.go:925.16,927.3 1 0
github.com/abitofhelp/family-service/interface/adapters/graphql/generated/generated.go:928.2,930.16 3 0
github.com/abitofhelp/family-service/interface/adapters/graphql/generated/generated.go:930.16,932.3 1 0
github.com/abitofhelp/family-service/interface/adapters/graphql/generated/generated.go:933.2,934.18 2 0
github.com/abitofhelp/family-service/interface/adapters/graphql/generated/generated.go:939.27,940.39 1 0
github.com/abitofhelp/family-service/interface/adapters/graphql/generated/generated.go:940.39,943.3 2 0
github.com/abitofhelp/family-service/interface/adapters/graphql/generated/generated.go:945.2,946.40 2 0
github.com/abitofhelp/family-service/interface/adapters/graphql/generated/generated.go:946.40,948.3 1 0
github.com/abitofhelp/family-service/interface/adapters/graphql/generated/generated.go:950.2,951.21 2 0
github.com/abitofhelp/family-service/interface/adapters/graphql/generated/generated.go:957.30,958.36 1 0
github.com/abitofhelp/family-service/interface/adapters/graphql/generated/generated.go:958.36,961.3 2 0
github.com/abitofhelp/family-service/interface/adapters/graphql/generated/generated.go:963.2,964.37 2 0
github.com/abitofhelp/family-service/interface/adapters/graphql/generated/generated.go:964.37,966.3 1 0
github.com/abitofhelp/family-service/interface/adapters/graphql/generated/generated.go:968.2,969.21 2 0
github.com/abitofhelp/family-service/interface/adapters/graphql/generated/generated.go:972.131,976.16 4 0
github.com/abitofhelp/family-service/interface/adapters/graphql/generated/generated.go:976.16,978.3 1 0
github.com/abitofhelp/family-service/interface/adapters/graphql/generated/generated.go:979.2,980.18 2 0
github.com/abitofhelp/family-service/interface/adapters/graphql/generated/generated.go:985.30,986.36 1 0
github.com/abitofhelp/family-service/interface/adapters/graphql/generated/generated.go:986.36,989.3 2 0
github.com/abitofhelp/family-service/interface/adapters/graphql/generated/generated.go:991.2,992.37 2 0
github.com/abitofhelp/family-service/interface/adapters/graphql/generated/generated.go:992.37,994.3 1 0
github.com/abitofhelp/family-service/interface/adapters/graphql/generated/generated.go:996.2,997.21 2 0
github.com/abitofhelp/family-service/interface/adapters/graphql/generated/generated.go:1000.126,1004.16 4 0
github.com/abitofhelp/family-service/interface/adapters/graphql/generated/generated.go:1004.16,1006.3 1 0
github.com/abitofhelp/family-service/interface/adapters/graphql/generated/generated.go:1007.2,1009.16 3 0
github.com/abitofhelp/family-service/interface/adapters/graphql/generated/generated.go:1009.16,1011.3 1 0
github.com/abitofhelp/family-service/interface/adapters/graphql/generated/generated.go:1012.2,1013.18 2 0
github.com/abitofhelp/family-service/interface/adapters/graphql/generated/generated.go:1018.27,1019.39 1 0
github.com/abitofhelp/family-service/interface/adapters/graphql/generated/generated.go:1019.39,1022.3 2 0
github.com/abitofhelp/family-service/interface/adapters/graphql/generated/generated.go:1024.2,1025.40 2 0
github.com/abitofhelp/family-service/interface/adapters/graphql/generated/generated.go:1025.40,1027.3 1 0
github.com/abitofhelp/family-service/interface/adapters/graphql/generated/generated.go:1029.2,1030.21 2 0
github.com/abitofhelp/family-service/interface/adapters/graphql/generated/generated.go:1036.27,1037.48 1 0
github.com/abitofhelp/family-service/interface/adapters/graphql/generated/generated.go:1037.48,1040.3 2 0
github.com/abitofhelp/family-service/interface/adapters/graphql/generated/generated.go:1042.2,1043.49 2 0
github.com/abitofhelp/family-service/interface/adapters/graphql/generated/generated.go:1043.49,1045.3 1 0
github.com/abitofhelp/family-service/interface/adapters/graphql/generated/generated.go:1047.2,1048.21 2 0
github.com/abitofhelp/family-service/interface/adapters/graphql/generated/generated.go:1051.137,1055.16 4 0
github.com/abitofhelp/family-service/interface/adapters/graphql/generated/generated.go:1055.16,1057.3 1 0
github.com/abitofhelp/family-service/interface/adapters/graphql/generated/generated.go:1058.2,1060.16 3 0
github.com/abitofhelp/family-service/interface/adapters/graphql/generated/generated.go:1060.16,1062.3 1 0
github.com/abitofhelp/family-service/interface/adapters/graphql/generated/generated.go:1063.2,1065.16 3 0
github.com/abitofhelp/family-service/interface/adapters/graphql/generated/generated.go:1065.16,1067.3 1 0
github.com/abitofhelp/family-service/interface/adapters/graphql/generated/generated.go:1068.2,1069.18 2 0
github.com/abitofhelp/family-service/interface/adapters/graphql/generated/generated.go:1074.27,1075.39 1 0
github.com/abitofhelp/family-service/interface/adapters/graphql/generated/generated.go:1075.39,1078.3 2 0
github.com/abitofhelp/family-service/interface/adapters/graphql/generated/generated.go:1080.2,1081.40 2 0
github.com/abitofhelp/family-service/interface/adapters/graphql/generated/generated.go:1081.40,1083.3 1 0
github.com/abitofhelp/family-service/interface/adapters/graphql/generated/generated.go:1085.2,1086.21 2 0
github.com/abitofhelp/family-service/interface/adapters/graphql/generated/generated.go:1092.27,1093.39 1 0
github.com/abitofhelp/family-service/interface/adapters/graphql/generated/generated.go:1093.39,1096.3 2 0
github.com/abitofhelp/family-service/interface/adapters/graphql/generated/generated.go:1098.2,1099.40 2 0
github.com/abitofhelp/family-service/interface/adapters/graphql/generated/generated.go:1099.40,1101.3 1 0
github.com/abitofhelp/family-service/interface/adapters/graphql/generated/generated.go:1103.2,1104.21 2 0
github.com/abitofhelp/family-service/interface/adapters/graphql/generated/generated.go:1110.19,1111.40 1 0
github.com/abitofhelp/family-service/interface/adapters/graphql/generated/generated.go:1111.40,1114.3 2 0
github.com/abitofhelp/family-service/interface/adapters/graphql/generated/generated.go:1116.2,1117.41 2 0
github.com/abitofhelp/family-service/interface/adapters/graphql/generated/generated.go:1117.41,1119.3 1 0
github.com/abitofhelp/family-service/interface/adapters/graphql/generated/generated.go:1121.2,1122.21 2 0
github.com/abitofhelp/family-service/interface/adapters/graphql/generated/generated.go:1125.130,1129.16 4 0
github.com/abitofhelp/family-service/interface/adapters/graphql/generated/generated.go:1129.16,1131.3 1 0
github.com/abitofhelp/family-service/interface/adapters/graphql/generated/generated.go:1132.2,1134.16 3 0
github.com/abitofhelp/family-service/interface/adapters/graphql/generated/generated.go:1134.16,1136.3 1 0
github.com/abitofhelp/family-service/interface/adapters/graphql/generated/generated.go:1137.2,1138.18 2 0
github.com/abitofhelp/family-service/interface/adapters/graphql/generated/generated.go:1143.27,1144.39 1 0
github.com/abitofhelp/family-service/interface/adapters/graphql/generated/generated.go:1144.39,1147.3 2 0
github.com/abitofhelp/family-service/interface/adapters/graphql/generated/generated.go:1149.2,1150.40 2 0
github.com/abitofhelp/family-service/interface/adapters/graphql/generated/generated.go:1150.40,1152.3 1 0
github.com/abitofhelp/family-service/interface/adapters/graphql/generated/generated.go:1154.2,1155.21 2 0
github.com/abitofhelp/family-service/interface/adapters/graphql/generated/generated.go:1161.27,1162.38 1 0
github.com/abitofhelp/family-service/interface/adapters/graphql/generated/generated.go:1162.38,1165.3 2 0
github.com/abitofhelp/family-service/interface/adapters/graphql/generated/generated.go:1167.2,1168.39 2 0
github.com/abitofhelp/family-service/interface/adapters/graphql/generated/generated.go:1168.39,1170.3 1 0
github.com/abitofhelp/family-service/interface/adapters/graphql/generated/generated.go:1172.2,1173.21 2 0
github.com/abitofhelp/family-service/interface/adapters/graphql/generated/generated.go:1176.122,1180.16 4 0
github.com/abitofhelp/family-service/interface/adapters/graphql/generated/generated.go:1180.16,1182.3 1 0
github.com/abitofhelp/family-service/interface/adapters/graphql/generated/generated.go:1183.2,1184.18 2 0
github.com/abitofhelp/family-service/interface/adapters/graphql/generated/generated.go:1189.19,1190.35 1 0
github.com/abitofhelp/family-service/interface/adapters/graphql/generated/generated.go:1190.35,1193.3 2 0
github.com/abitofhelp/family-service/interface/adapters/graphql/generated/generated.go:1195.2,1196.36 2 0
github.com/abitofhelp/family-service/interface/adapters/graphql/generated/generated.go:1196.36,1198.3 1 0
github.com/abitofhelp/family-service/interface/adapters/graphql/generated/generated.go:1200.2,1201.21 2 0
github.com/abitofhelp/family-service/interface/adapters/graphql/generated/generated.go:1204.136,1208.16 4 0
github.com/abitofhelp/family-service/interface/adapters/graphql/generated/generated.go:1208.16,1210.3 1 0
github.com/abitofhelp/family-service/interface/adapters/graphql/generated/generated.go:1211.2,1212.18 2 0
github.com/abitofhelp/family-service/interface/adapters/graphql/generated/generated.go:1217.27,1218.39 1 0
github.com/abitofhelp/family-service/interface/adapters/graphql/generated/generated.go:1218.39,1221.3 2 0
github.com/abitofhelp/family-service/interface/adapters/graphql/generated/generated.go:1223.2,1224.40 2 0
github.com/abitofhelp/family-service/interface/adapters/graphql/generated/generated.go:1224.40,1226.3 1 0
github.com/abitofhelp/family-service/interface/adapters/graphql/generated/generated.go:1228.2,1229.21 2 0
github.com/abitofhelp/family-service/interface/adapters/graphql/generated/generated.go:1232.133,1236.16 4 0
github.com/abitofhelp/family-service/interface/adapters/graphql/generated/generated.go:1236.16,1238.3 1 0
github.com/abitofhelp/family-service/interface/adapters/graphql/generated/generated.go:1239.2,1240.18 2 0
github.com/abitofhelp/family-service/interface/adapters/graphql/generated/generated.go:1245.27,1246.38 1 0
github.com/abitofhelp/family-service/interface/adapters/graphql/generated/generated.go:1246.38,1249.3 2 0
github.com/abitofhelp/family-service/interface/adapters/graphql/generated/generated.go:1251.2,1252.39 2 0
github.com/abitofhelp/family-service/interface/adapters/graphql/generated/generated.go:1252.39,1254.3 1 0
github.com/abitofhelp/family-service/interface/adapters/graphql/generated/generated.go:1256.2,1257.21 2 0
github.com/abitofhelp/family-service/interface/adapters/graphql/generated/generated.go:1260.125,1264.16 4 0
github.com/abitofhelp/family-service/interface/adapters/graphql/generated/generated.go:1264.16,1266.3 1 0
github.com/abitofhelp/family-service/interface/adapters/graphql/generated/generated.go:1267.2,1268.18 2 0
github.com/abitofhelp/family-service/interface/adapters/graphql/generated/generated.go:1273.27,1274.33 1 0
github.com/abitofhelp/family-service/interface/adapters/graphql/generated/generated.go:1274.33,1277.3 2 0
github.com/abitofhelp/family-service/interface/adapters/graphql/generated/generated.go:1279.2,1280.34 2 0
github.com/abitofhelp/family-service/interface/adapters/graphql/generated/generated.go:1280.34,1282.3 1 0
github.com/abitofhelp/family-service/interface/adapters/graphql/generated/generated.go:1284.2,1285.21 2 0
github.com/abitofhelp/family-service/interface/adapters/graphql/generated/generated.go:1288.126,1292.16 4 0
github.com/abitofhelp/family-service/interface/adapters/graphql/generated/generated.go:1292.16,1294.3 1 0
github.com/abitofhelp/family-service/interface/adapters/graphql/generated/generated.go:1295.2,1296.18 2 0
github.com/abitofhelp/family-service/interface/adapters/graphql/generated/generated.go:1301.18,1302.48 1 0
github.com/abitofhelp/family-service/interface/adapters/graphql/generated/generated.go:1302.48,1305.3 2 0
github.com/abitofhelp/family-service/interface/adapters/graphql/generated/generated.go:1307.2,1308.49 2 0
github.com/abitofhelp/family-service/interface/adapters/graphql/generated/generated.go:1308.49,1310.3 1 0
github.com/abitofhelp/family-service/interface/adapters/graphql/generated/generated.go:1312.2,1313.21 2 0
github.com/abitofhelp/family-service/interface/adapters/graphql/generated/generated.go:1316.122,1320.16 4 0
github.com/abitofhelp/family-service/interface/adapters/graphql/generated/generated.go:1320.16,1322.3 1 0
github.com/abitofhelp/family-service/interface/adapters/graphql/generated/generated.go:1323.2,1324.18 2 0
github.com/abitofhelp/family-service/interface/adapters/graphql/generated/generated.go:1329.18,1330.48 1 0
github.com/abitofhelp/family-service/interface/adapters/graphql/generated/generated.go:1330.48,1333.3 2 0
github.com/abitofhelp/family-service/interface/adapters/graphql/generated/generated.go:1335.2,1336.49 2 0
github.com/abitofhelp/family-service/interface/adapters/graphql/generated/generated.go:1336.49,1338.3 1 0
github.com/abitofhelp/family-service/interface/adapters/graphql/generated/generated.go:1340.2,1341.21 2 0
github.com/abitofhelp/family-service/interface/adapters/graphql/generated/generated.go:1344.127,1348.16 4 0
github.com/abitofhelp/family-service/interface/adapters/graphql/generated/generated.go:1348.16,1350.3 1 0
github.com/abitofhelp/family-service/interface/adapters/graphql/generated/generated.go:1351.2,1352.18 2 0
github.com/abitofhelp/family-service/interface/adapters/graphql/generated/generated.go:1357.17,1358.48 1 0
github.com/abitofhelp/family-service/interface/adapters/graphql/generated/generated.go:1358.48,1361.3 2 0
github.com/abitofhelp/family-service/interface/adapters/graphql/generated/generated.go:1363.2,1364.49 2 0
github.com/abitofhelp/family-service/interface/adapters/graphql/generated/generated.go:1364.49,1366.3 1 0
github.com/abitofhelp/family-service/interface/adapters/graphql/generated/generated.go:1368.2,1369.21 2 0
github.com/abitofhelp/family-service/interface/adapters/graphql/generated/generated.go:1372.123,1376.16 4 0
github.com/abitofhelp/family-service/interface/adapters/graphql/generated/generated.go:1376.16,1378.3 1 0
github.com/abitofhelp/family-service/interface/adapters/graphql/generated/generated.go:1379.2,1380.18 2 0
github.com/abitofhelp/family-service/interface/adapters/graphql/generated/generated.go:1385.17,1386.48 1 0
github.com/abitofhelp/family-service/interface/adapters/graphql/generated/generated.go:1386.48,1389.3 2 0
github.com/abitofhelp/family-service/interface/adapters/graphql/generated/generated.go:1391.2,1392.49 2 0
github.com/abitofhelp/family-service/interface/adapters/graphql/generated/generated.go:1392.49,1394.3 1 0
github.com/abitofhelp/family-service/interface/adapters/graphql/generated/generated.go:1396.2,1397.21 2 0
github.com/abitofhelp/family-service/interface/adapters/graphql/generated/generated.go:1408.132,1410.16 2 0
github.com/abitofhelp/family-service/interface/adapters/graphql/generated/generated.go:1410.16,1412.3 1 0
github.com/abitofhelp/family-service/interface/adapters/graphql/generated/generated.go:1413.2,1414.15 2 0
github.com/abitofhelp/family-service/interface/adapters/graphql/generated/generated.go:1414.15,1415.31 1 0
github.com/abitofhelp/family-service/interface/adapters/graphql/generated/generated.go:1415.31,1418.4 2 0
github.com/abitofhelp/family-service/interface/adapters/graphql/generated/generated.go:1420.2,1420.84 1 0
github.com/abitofhelp/family-service/interface/adapters/graphql/generated/generated.go:1420.84,1423.3 2 0
github.com/abitofhelp/family-service/interface/adapters/graphql/generated/generated.go:1424.2,1424.16 1 0
github.com/abitofhelp/family-service/interface/adapters/graphql/generated/generated.go:1424.16,1427.3 2 0
github.com/abitofhelp/family-service/interface/adapters/graphql/generated/generated.go:1428.2,1428.19 1 0
github.com/abitofhelp/family-service/interface/adapters/graphql/generated/generated.go:1428.19,1429.38 1 0
github.com/abitofhelp/family-service/interface/adapters/graphql/generated/generated.go:1429.38,1431.4 1 0
github.com/abitofhelp/family-service/interface/adapters/graphql/generated/generated.go:1432.3,1432.22 1 0
github.com/abitofhelp/family-service/interface/adapters/graphql/generated/generated.go:1434.2,1436.108 3 0
github.com/abitofhelp/family-service/interface/adapters/graphql/generated/generated.go:1439.138,1445.97 1 0
github.com/abitofhelp/family-service/interface/adapters/graphql/generated/generated.go:1445.97,1447.4 1 0
github.com/abitofhelp/family-service/interface/adapters/graphql/generated/generated.go:1449.2,1449.16 1 0
github.com/abitofhelp/family-service/interface/adapters/graphql/generated/generated.go:1452.139,1454.16 2 0
github.com/abitofhelp/family-service/interface/adapters/graphql/generated/generated.go:1454.16,1456.3 1 0
github.com/abitofhelp/family-service/interface/adapters/graphql/generated/generated.go:1457.2,1458.15 2 0
github.com/abitofhelp/family-service/interface/adapters/graphql/generated/generated.go:1458.15,1459.31 1 0
github.com/abitofhelp/family-service/interface/adapters/graphql/generated/generated.go:1459.31,1462.4 2 0
github.com/abitofhelp/family-service/interface/adapters/graphql/generated/generated.go:1464.2,1464.84 1 0
github.com/abitofhelp/family-service/interface/adapters/graphql/generated/generated.go:1464.84,1467.3 2 0
github.com/abitofhelp/family-service/interface/adapters/graphql/generated/generated.go:1468.2,1468.16 1 0
github.com/abitofhelp/family-service/interface/adapters/graphql/generated/generated.go:1468.16,1471.3 2 0
[...]
github.com/abitofhelp/family-service/core/domain/entity/parent.go:83.2,84.14 2 0
github.com/abitofhelp/family-service/core/domain/entity/parent.go:88.36,90.2 1 0
github.com/abitofhelp/family-service/core/domain/entity/parent.go:93.36,95.2 1 0
github.com/abitofhelp/family-service/core/domain/entity/parent.go:98.58,99.24 1 0
github.com/abitofhelp/family-service/core/domain/entity/parent.go:99.24,101.3 1 0
github.com/abitofhelp/family-service/core/domain/entity/parent.go:103.2,103.35 1 0
github.com/abitofhelp/family-service/core/domain/entity/parent.go:103.35,105.3 1 0
github.com/abitofhelp/family-service/core/domain/entity/parent.go:107.2,107.33 1 0
github.com/abitofhelp/family-service/core/domain/entity/parent.go:107.33,109.3 1 0
github.com/abitofhelp/family-service/core/domain/entity/parent.go:111.2,112.12 2 0
github.com/abitofhelp/family-service/core/domain/entity/parent.go:116.45,117.18 1 0
github.com/abitofhelp/family-service/core/domain/entity/parent.go:117.18,119.3 1 0
github.com/abitofhelp/family-service/core/domain/entity/parent.go:120.2,120.25 1 0
github.com/abitofhelp/family-service/core/domain/entity/parent.go:124.36,133.2 2 0
github.com/abitofhelp/family-service/core/domain/entity/parent.go:145.52,147.2 1 0
github.com/abitofhelp/family-service/core/domain/services/family_domain_service.go:23.110,24.17 1 5
github.com/abitofhelp/family-service/core/domain/services/family_domain_service.go:24.17,25.36 1 0
github.com/abitofhelp/family-service/core/domain/services/family_domain_service.go:27.2,27.19 1 5
github.com/abitofhelp/family-service/core/domain/services/family_domain_service.go:27.19,28.32 1 0
github.com/abitofhelp/family-service/core/domain/services/family_domain_service.go:30.2,33.3 1 5
github.com/abitofhelp/family-service/core/domain/services/family_domain_service.go:37.114,42.16 3 1
github.com/abitofhelp/family-service/core/domain/services/family_domain_service.go:42.16,45.3 2 0
github.com/abitofhelp/family-service/core/domain/services/family_domain_service.go:48.2,48.46 1 1
github.com/abitofhelp/family-service/core/domain/services/family_domain_service.go:48.46,51.3 2 0
github.com/abitofhelp/family-service/core/domain/services/family_domain_service.go:54.2,59.24 3 1
github.com/abitofhelp/family-service/core/domain/services/family_domain_service.go:63.100,66.14 2 1
github.com/abitofhelp/family-service/core/domain/services/family_domain_service.go:66.14,69.3 2 0
github.com/abitofhelp/family-service/core/domain/services/family_domain_service.go:71.2,72.16 2 1
github.com/abitofhelp/family-service/core/domain/services/family_domain_service.go:72.16,73.47 1 0
github.com/abitofhelp/family-service/core/domain/services/family_domain_service.go:73.47,76.4 2 0
github.com/abitofhelp/family-service/core/domain/services/family_domain_service.go:77.3,78.95 2 0
github.com/abitofhelp/family-service/core/domain/services/family_domain_service.go:81.2,85.18 3 1
github.com/abitofhelp/family-service/core/domain/services/family_domain_service.go:89.134,96.20 2 1
github.com/abitofhelp/family-service/core/domain/services/family_domain_service.go:96.20,99.3 2 0
github.com/abitofhelp/family-service/core/domain/services/family_domain_service.go:102.2,103.16 2 1
github.com/abitofhelp/family-service/core/domain/services/family_domain_service.go:103.16,104.47 1 0
github.com/abitofhelp/family-service/core/domain/services/family_domain_service.go:104.47,107.4 2 0
github.com/abitofhelp/family-service/core/domain/services/family_domain_service.go:108.3,111.95 2 0
github.com/abitofhelp/family-service/core/domain/services/family_domain_service.go:115.2,116.16 2 1
github.com/abitofhelp/family-service/core/domain/services/family_domain_service.go:116.16,121.3 2 0
github.com/abitofhelp/family-service/core/domain/services/family_domain_service.go:124.2,124.41 1 1
github.com/abitofhelp/family-service/core/domain/services/family_domain_service.go:124.41,130.3 2 0
github.com/abitofhelp/family-service/core/domain/services/family_domain_service.go:134.2,134.62 1 1
github.com/abitofhelp/family-service/core/domain/services/family_domain_service.go:134.62,138.17 3 1
github.com/abitofhelp/family-service/core/domain/services/family_domain_service.go:138.17,143.4 2 0
github.com/abitofhelp/family-service/core/domain/services/family_domain_service.go:144.3,144.19 1 1
github.com/abitofhelp/family-service/core/domain/services/family_domain_service.go:148.2,148.46 1 1
github.com/abitofhelp/family-service/core/domain/services/family_domain_service.go:148.46,153.3 2 0
github.com/abitofhelp/family-service/core/domain/services/family_domain_service.go:156.2,161.24 3 1
github.com/abitofhelp/family-service/core/domain/services/family_domain_service.go:165.131,172.20 2 1
github.com/abitofhelp/family-service/core/domain/services/family_domain_service.go:172.20,175.3 2 0
github.com/abitofhelp/family-service/core/domain/services/family_domain_service.go:178.2,179.16 2 1
github.com/abitofhelp/family-service/core/domain/services/family_domain_service.go:179.16,180.47 1 0
github.com/abitofhelp/family-service/core/domain/services/family_domain_service.go:180.47,183.4 2 0
github.com/abitofhelp/family-service/core/domain/services/family_domain_service.go:184.3,187.95 2 0
github.com/abitofhelp/family-service/core/domain/services/family_domain_service.go:191.2,192.16 2 1
github.com/abitofhelp/family-service/core/domain/services/family_domain_service.go:192.16,197.3 2 0
github.com/abitofhelp/family-service/core/domain/services/family_domain_service.go:200.2,200.40 1 1
github.com/abitofhelp/family-service/core/domain/services/family_domain_service.go:200.40,206.3 2 0
github.com/abitofhelp/family-service/core/domain/services/family_domain_service.go:209.2,209.46 1 1
github.com/abitofhelp/family-service/core/domain/services/family_domain_service.go:209.46,214.3 2 0
github.com/abitofhelp/family-service/core/domain/services/family_domain_service.go:217.2,221.24 3 1
github.com/abitofhelp/family-service/core/domain/services/family_domain_service.go:225.124,230.37 2 0
github.com/abitofhelp/family-service/core/domain/services/family_domain_service.go:230.37,235.3 2 0
github.com/abitofhelp/family-service/core/domain/services/family_domain_service.go:238.2,239.16 2 0
github.com/abitofhelp/family-service/core/domain/services/family_domain_service.go:239.16,240.47 1 0
github.com/abitofhelp/family-service/core/domain/services/family_domain_service.go:240.47,243.4 2 0
github.com/abitofhelp/family-service/core/domain/services/family_domain_service.go:244.3,247.95 2 0
github.com/abitofhelp/family-service/core/domain/services/family_domain_service.go:251.2,251.49 1 0
github.com/abitofhelp/family-service/core/domain/services/family_domain_service.go:251.49,257.3 2 0
github.com/abitofhelp/family-service/core/domain/services/family_domain_service.go:260.2,260.46 1 0
github.com/abitofhelp/family-service/core/domain/services/family_domain_service.go:260.46,265.3 2 0
github.com/abitofhelp/family-service/core/domain/services/family_domain_service.go:268.2,272.24 3 0
github.com/abitofhelp/family-service/core/domain/services/family_domain_service.go:276.153,282.38 2 0
github.com/abitofhelp/family-service/core/domain/services/family_domain_service.go:282.38,287.3 2 0
github.com/abitofhelp/family-service/core/domain/services/family_domain_service.go:290.2,291.16 2 0
github.com/abitofhelp/family-service/core/domain/services/family_domain_service.go:291.16,292.47 1 0
github.com/abitofhelp/family-service/core/domain/services/family_domain_service.go:292.47,295.4 2 0
github.com/abitofhelp/family-service/core/domain/services/family_domain_service.go:296.3,299.95 2 0
github.com/abitofhelp/family-service/core/domain/services/family_domain_service.go:303.2,303.68 1 0
github.com/abitofhelp/family-service/core/domain/services/family_domain_service.go:303.68,309.3 2 0
github.com/abitofhelp/family-service/core/domain/services/family_domain_service.go:312.2,312.46 1 0
github.com/abitofhelp/family-service/core/domain/services/family_domain_service.go:312.46,317.3 2 0
github.com/abitofhelp/family-service/core/domain/services/family_domain_service.go:320.2,324.24 3 0
github.com/abitofhelp/family-service/core/domain/services/family_domain_service.go:328.130,333.47 2 1
github.com/abitofhelp/family-service/core/domain/services/family_domain_service.go:333.47,338.3 2 0
github.com/abitofhelp/family-service/core/domain/services/family_domain_service.go:341.2,342.16 2 1
github.com/abitofhelp/family-service/core/domain/services/family_domain_service.go:342.16,343.47 1 0
github.com/abitofhelp/family-service/core/domain/services/family_domain_service.go:343.47,346.4 2 0
github.com/abitofhelp/family-service/core/domain/services/family_domain_service.go:347.3,350.95 2 0
github.com/abitofhelp/family-service/core/domain/services/family_domain_service.go:356.2,357.16 2 1
github.com/abitofhelp/family-service/core/domain/services/family_domain_service.go:357.16,363.3 2 0
github.com/abitofhelp/family-service/core/domain/services/family_domain_service.go:365.2,371.46 2 1
github.com/abitofhelp/family-service/core/domain/services/family_domain_service.go:371.46,376.3 2 0
github.com/abitofhelp/family-service/core/domain/services/family_domain_service.go:378.2,382.55 2 1
github.com/abitofhelp/family-service/core/domain/services/family_domain_service.go:382.55,390.3 2 0
github.com/abitofhelp/family-service/core/domain/services/family_domain_service.go:393.2,398.24 3 1
github.com/abitofhelp/family-service/infrastructure/adapters/config/adapter.go:70.55,72.2 1 0
github.com/abitofhelp/family-service/infrastructure/adapters/config/adapter.go:75.49,77.2 1 0
github.com/abitofhelp/family-service/infrastructure/adapters/config/adapter.go:80.55,82.2 1 0
github.com/abitofhelp/family-service/infrastructure/adapters/config/adapter.go:85.50,87.2 1 0
github.com/abitofhelp/family-service/infrastructure/adapters/config/adapter.go:90.34,92.2 1 0
github.com/abitofhelp/family-service/infrastructure/adapters/config/adapter.go:95.34,97.2 1 0
github.com/abitofhelp/family-service/infrastructure/adapters/config/adapter.go:100.40,102.2 1 0
github.com/abitofhelp/family-service/infrastructure/adapters/config/adapter.go:105.54,106.25 1 0
github.com/abitofhelp/family-service/infrastructure/adapters/config/adapter.go:107.17,108.45 1 0
github.com/abitofhelp/family-service/infrastructure/adapters/config/adapter.go:109.18,110.46 1 0
github.com/abitofhelp/family-service/infrastructure/adapters/config/adapter.go:111.16,112.44 1 0
github.com/abitofhelp/family-service/infrastructure/adapters/config/adapter.go:113.10,114.26 1 0
github.com/abitofhelp/family-service/infrastructure/adapters/config/config.go:141.36,146.40 2 3
github.com/abitofhelp/family-service/infrastructure/adapters/config/config.go:146.40,148.3 1 0
github.com/abitofhelp/family-service/infrastructure/adapters/config/config.go:151.2,151.42 1 3
github.com/abitofhelp/family-service/infrastructure/adapters/config/config.go:151.42,153.3 1 0
github.com/abitofhelp/family-service/infrastructure/adapters/config/config.go:156.2,156.52 1 3
github.com/abitofhelp/family-service/infrastructure/adapters/config/config.go:156.52,158.3 1 0
github.com/abitofhelp/family-service/infrastructure/adapters/config/config.go:161.2,161.61 1 3
github.com/abitofhelp/family-service/infrastructure/adapters/config/config.go:161.61,163.3 1 0
github.com/abitofhelp/family-service/infrastructure/adapters/config/config.go:166.2,167.16 2 3
github.com/abitofhelp/family-service/infrastructure/adapters/config/config.go:167.16,169.3 1 0
github.com/abitofhelp/family-service/infrastructure/adapters/config/config.go:171.2,171.20 1 3
github.com/abitofhelp/family-service/infrastructure/adapters/config/config.go:175.41,177.37 2 3
github.com/abitofhelp/family-service/infrastructure/adapters/config/config.go:177.37,179.3 1 96
github.com/abitofhelp/family-service/infrastructure/adapters/config/config.go:180.2,180.12 1 3
github.com/abitofhelp/family-service/infrastructure/adapters/config/config.go:185.43,187.23 2 3
github.com/abitofhelp/family-service/infrastructure/adapters/config/config.go:187.23,189.3 1 3
github.com/abitofhelp/family-service/infrastructure/adapters/config/config.go:192.2,193.47 2 0
github.com/abitofhelp/family-service/infrastructure/adapters/config/config.go:193.47,196.3 1 0
github.com/abitofhelp/family-service/infrastructure/adapters/config/config.go:199.2,208.16 4 0
github.com/abitofhelp/family-service/infrastructure/adapters/config/config.go:208.16,211.3 2 0
github.com/abitofhelp/family-service/infrastructure/adapters/config/config.go:214.2,214.35 1 0
github.com/abitofhelp/family-service/infrastructure/adapters/config/config.go:214.35,216.52 2 0
github.com/abitofhelp/family-service/infrastructure/adapters/config/config.go:216.52,218.79 1 0
github.com/abitofhelp/family-service/infrastructure/adapters/config/config.go:218.79,220.5 1 0
github.com/abitofhelp/family-service/infrastructure/adapters/config/config.go:221.4,222.14 2 0
github.com/abitofhelp/family-service/infrastructure/adapters/config/config.go:227.2,228.12 2 0
github.com/abitofhelp/family-service/infrastructure/adapters/config/config.go:232.53,234.64 1 3
github.com/abitofhelp/family-service/infrastructure/adapters/config/config.go:234.64,236.3 1 4
github.com/abitofhelp/family-service/infrastructure/adapters/config/config.go:238.2,238.16 1 3
github.com/abitofhelp/family-service/infrastructure/adapters/config/config.go:238.16,240.3 1 0
github.com/abitofhelp/family-service/infrastructure/adapters/config/config.go:242.2,242.12 1 3
github.com/abitofhelp/family-service/infrastructure/adapters/config/config.go:246.53,255.36 4 3
github.com/abitofhelp/family-service/infrastructure/adapters/config/config.go:255.36,257.3 1 100
github.com/abitofhelp/family-service/infrastructure/adapters/config/config.go:260.2,266.17 3 3
github.com/abitofhelp/family-service/infrastructure/adapters/config/config.go:266.17,268.3 1 0
github.com/abitofhelp/family-service/infrastructure/adapters/config/config.go:271.2,272.48 2 3
github.com/abitofhelp/family-service/infrastructure/adapters/config/config.go:272.48,274.3 1 0
github.com/abitofhelp/family-service/infrastructure/adapters/config/config.go:276.2,276.21 1 3
github.com/abitofhelp/family-service/infrastructure/adapters/config/config.go:281.51,284.38 2 3
github.com/abitofhelp/family-service/infrastructure/adapters/config/config.go:284.38,287.3 1 3
github.com/abitofhelp/family-service/infrastructure/adapters/config/config.go:290.2,291.41 2 3
github.com/abitofhelp/family-service/infrastructure/adapters/config/config.go:291.41,294.3 1 3
github.com/abitofhelp/family-service/infrastructure/adapters/config/config.go:297.2,298.39 2 3
github.com/abitofhelp/family-service/infrastructure/adapters/config/config.go:298.39,301.3 1 0
github.com/abitofhelp/family-service/infrastructure/adapters/config/config.go:306.62,310.16 3 3
github.com/abitofhelp/family-service/infrastructure/adapters/config/config.go:310.16,313.3 1 3
github.com/abitofhelp/family-service/infrastructure/adapters/config/config.go:314.2,319.16 4 3
github.com/abitofhelp/family-service/infrastructure/adapters/config/config.go:319.16,322.3 1 3
github.com/abitofhelp/family-service/infrastructure/adapters/config/config.go:323.2,328.16 4 3
github.com/abitofhelp/family-service/infrastructure/adapters/config/config.go:328.16,331.3 1 0
github.com/abitofhelp/family-service/infrastructure/adapters/config/config.go:332.2,334.12 2 3
github.com/abitofhelp/family-service/infrastructure/adapters/config/config.go:340.70,341.74 1 9
github.com/abitofhelp/family-service/infrastructure/adapters/config/config.go:341.74,345.26 4 12
github.com/abitofhelp/family-service/infrastructure/adapters/config/config.go:345.26,347.4 1 12
github.com/abitofhelp/family-service/infrastructure/adapters/config/config.go:350.3,353.16 2 12
github.com/abitofhelp/family-service/infrastructure/adapters/config/config.go:353.16,354.56 1 11
github.com/abitofhelp/family-service/infrastructure/adapters/config/config.go:354.56,356.5 1 0
github.com/abitofhelp/family-service/infrastructure/adapters/config/config.go:360.3,360.36 1 12
github.com/abitofhelp/family-service/infrastructure/adapters/config/config.go:360.36,362.4 1 0
github.com/abitofhelp/family-service/infrastructure/adapters/config/config.go:365.3,365.28 1 12
github.com/abitofhelp/family-service/infrastructure/adapters/config/config.go:365.28,370.4 3 11
github.com/abitofhelp/family-service/infrastructure/adapters/config/config.go:372.3,372.13 1 1
github.com/abitofhelp/family-service/infrastructure/adapters/config/config.go:376.2,376.48 1 9
github.com/abitofhelp/family-service/infrastructure/adapters/config/config.go:376.48,378.3 1 6
github.com/abitofhelp/family-service/infrastructure/adapters/config/config.go:380.2,380.20 1 3
github.com/abitofhelp/family-service/infrastructure/adapters/config/config.go:385.49,408.71 3 3
github.com/abitofhelp/family-service/infrastructure/adapters/config/config.go:408.71,409.21 1 51
github.com/abitofhelp/family-service/infrastructure/adapters/config/config.go:409.21,411.4 1 0
github.com/abitofhelp/family-service/infrastructure/adapters/config/config.go:412.3,412.21 1 51
github.com/abitofhelp/family-service/infrastructure/adapters/config/config.go:412.21,414.4 1 0
github.com/abitofhelp/family-service/infrastructure/adapters/config/config.go:415.3,415.58 1 51
github.com/abitofhelp/family-service/infrastructure/adapters/config/config.go:415.58,417.4 1 0
github.com/abitofhelp/family-service/infrastructure/adapters/config/config.go:418.3,418.13 1 51
github.com/abitofhelp/family-service/infrastructure/adapters/config/config.go:422.2,423.78 2 3
github.com/abitofhelp/family-service/infrastructure/adapters/config/config.go:423.78,424.21 1 0
github.com/abitofhelp/family-service/infrastructure/adapters/config/config.go:424.21,426.4 1 0
github.com/abitofhelp/family-service/infrastructure/adapters/config/config.go:427.3,427.21 1 0
github.com/abitofhelp/family-service/infrastructure/adapters/config/config.go:427.21,430.4 2 0
github.com/abitofhelp/family-service/infrastructure/adapters/config/config.go:431.3,431.58 1 0
github.com/abitofhelp/family-service/infrastructure/adapters/config/config.go:431.58,433.4 1 0
github.com/abitofhelp/family-service/infrastructure/adapters/config/config.go:433.9,438.4 3 0
github.com/abitofhelp/family-service/infrastructure/adapters/config/config.go:442.2,442.37 1 3
github.com/abitofhelp/family-service/infrastructure/adapters/config/config.go:442.37,445.19 3 51
github.com/abitofhelp/family-service/infrastructure/adapters/config/config.go:445.19,446.12 1 51
github.com/abitofhelp/family-service/infrastructure/adapters/config/config.go:449.3,450.28 2 0
github.com/abitofhelp/family-service/infrastructure/adapters/config/config.go:451.12,453.45 1 0
github.com/abitofhelp/family-service/infrastructure/adapters/config/config.go:454.14,456.45 1 0
github.com/abitofhelp/family-service/infrastructure/adapters/config/config.go:457.16,459.52 1 0
github.com/abitofhelp/family-service/infrastructure/adapters/config/config.go:460.15,462.88 1 0
github.com/abitofhelp/family-service/infrastructure/adapters/config/config.go:462.88,463.52 1 0
github.com/abitofhelp/family-service/infrastructure/adapters/config/config.go:463.52,465.6 1 0
github.com/abitofhelp/family-service/infrastructure/adapters/config/config.go:465.11,467.14 1 0
github.com/abitofhelp/family-service/infrastructure/adapters/config/config.go:469.10,471.63 1 0
github.com/abitofhelp/family-service/infrastructure/adapters/config/config.go:471.63,473.6 1 0
github.com/abitofhelp/family-service/infrastructure/adapters/config/config.go:473.11,475.14 1 0
github.com/abitofhelp/family-service/infrastructure/adapters/config/config.go:478.11,480.12 1 0
github.com/abitofhelp/family-service/infrastructure/adapters/config/config.go:483.3,483.31 1 0
github.com/abitofhelp/family-service/infrastructure/adapters/config/config.go:488.46,536.2 1 3
